TN:
SF:server/config.ts
FN:23,requireEnv
FNF:1
FNH:1
FNDA:1,requireEnv
DA:1,1
DA:2,1
DA:5,1
DA:6,1
DA:7,1
DA:8,1
DA:9,8
DA:10,8
DA:11,5
DA:12,5
DA:13,5
DA:14,5
DA:15,5
DA:16,4
DA:24,1
DA:25,1
DA:26,1
DA:30,1
DA:32,1
LF:19
LH:19
BRDA:10,0,0,3
BRDA:10,0,1,5
BRDA:10,1,0,8
BRDA:10,1,1,6
BRDA:12,2,0,0
BRDA:12,2,1,5
BRDA:15,3,0,4
BRDA:15,3,1,1
BRDA:25,4,0,0
BRDA:25,4,1,1
BRDA:30,5,0,1
BRDA:30,5,1,1
BRDA:34,6,0,1
BRDA:34,6,1,0
BRDA:35,7,0,1
BRDA:35,7,1,0
BRDA:36,8,0,1
BRDA:36,8,1,0
BRF:18
BRH:13
end_of_record
TN:
SF:server/index.ts
FN:55,(anonymous_0)
FN:62,(anonymous_1)
FN:88,(anonymous_2)
FN:98,(anonymous_3)
FN:112,(anonymous_4)
FN:128,(anonymous_5)
FN:145,(anonymous_6)
FN:162,(anonymous_7)
FN:230,(anonymous_8)
FN:275,(anonymous_9)
FN:289,(anonymous_10)
FN:318,(anonymous_11)
FN:328,(anonymous_12)
FN:366,(anonymous_13)
FN:375,(anonymous_14)
FN:400,(anonymous_15)
FNF:16
FNH:1
FNDA:0,(anonymous_0)
FNDA:19,(anonymous_1)
FNDA:0,(anonymous_2)
FNDA:0,(anonymous_3)
FNDA:0,(anonymous_4)
FNDA:0,(anonymous_5)
FNDA:0,(anonymous_6)
FNDA:0,(anonymous_7)
FNDA:0,(anonymous_8)
FNDA:0,(anonymous_9)
FNDA:0,(anonymous_10)
FNDA:0,(anonymous_11)
FNDA:0,(anonymous_12)
FNDA:0,(anonymous_13)
FNDA:0,(anonymous_14)
FNDA:0,(anonymous_15)
DA:4,1
DA:5,1
DA:6,1
DA:9,1
DA:10,1
DA:46,1
DA:47,1
DA:49,1
DA:55,1
DA:61,1
DA:64,19
DA:67,0
DA:68,0
DA:70,0
DA:71,0
DA:78,1
DA:79,1
DA:80,1
DA:83,1
DA:86,1
DA:88,1
DA:89,0
DA:90,0
DA:91,0
DA:93,0
DA:94,0
DA:98,1
DA:99,0
DA:100,0
DA:101,0
DA:102,0
DA:103,0
DA:105,0
DA:107,0
DA:108,0
DA:112,1
DA:113,0
DA:114,0
DA:115,0
DA:116,0
DA:117,0
DA:118,0
DA:120,0
DA:121,0
DA:123,0
DA:124,0
DA:128,1
DA:129,0
DA:130,0
DA:131,0
DA:132,0
DA:133,0
DA:134,0
DA:135,0
DA:137,0
DA:138,0
DA:140,0
DA:141,0
DA:145,1
DA:146,0
DA:147,0
DA:148,0
DA:149,0
DA:150,0
DA:151,0
DA:152,0
DA:154,0
DA:155,0
DA:157,0
DA:158,0
DA:162,1
DA:163,0
DA:164,0
DA:165,0
DA:166,0
DA:167,0
DA:171,0
DA:172,0
DA:174,0
DA:175,0
DA:176,0
DA:178,0
DA:187,0
DA:190,0
DA:191,0
DA:192,0
DA:193,0
DA:198,0
DA:202,0
DA:203,0
DA:204,0
DA:215,0
DA:216,0
DA:217,0
DA:218,0
DA:220,0
DA:223,0
DA:225,0
DA:226,0
DA:230,1
DA:231,0
DA:232,0
DA:233,0
DA:235,0
DA:236,0
DA:237,0
DA:241,0
DA:254,0
DA:255,0
DA:256,0
DA:266,0
DA:268,0
DA:270,0
DA:271,0
DA:275,1
DA:276,0
DA:277,0
DA:278,0
DA:279,0
DA:280,0
DA:282,0
DA:284,0
DA:285,0
DA:289,1
DA:290,0
DA:291,0
DA:292,0
DA:295,0
DA:296,0
DA:298,0
DA:300,0
DA:301,0
DA:302,0
DA:303,0
DA:307,0
DA:308,0
DA:310,0
DA:311,0
DA:316,1
DA:318,1
DA:319,0
DA:320,0
DA:321,0
DA:323,0
DA:324,0
DA:328,1
DA:329,0
DA:330,0
DA:331,0
DA:332,0
DA:333,0
DA:335,0
DA:337,0
DA:338,0
DA:342,1
DA:343,1
DA:344,1
DA:345,1
DA:346,1
DA:347,1
DA:348,1
DA:349,1
DA:350,1
DA:351,1
DA:352,1
DA:353,1
DA:354,1
DA:355,1
DA:356,1
DA:357,1
DA:358,1
DA:359,1
DA:360,1
DA:361,1
DA:362,1
DA:363,1
DA:364,1
DA:366,1
DA:367,0
DA:371,1
DA:372,1
DA:373,1
DA:375,1
DA:377,0
DA:378,0
DA:380,0
DA:385,1
DA:386,1
DA:387,1
DA:390,1
DA:394,1
DA:398,1
DA:399,0
DA:400,0
DA:401,0
DA:406,0
DA:407,0
DA:408,0
LF:198
LH:62
BRDA:55,0,0,1
BRDA:55,0,1,1
BRDA:64,1,0,19
BRDA:64,1,1,0
BRDA:67,2,0,0
BRDA:67,2,1,0
BRDA:93,3,0,0
BRDA:93,3,1,0
BRDA:101,4,0,0
BRDA:101,4,1,0
BRDA:107,5,0,0
BRDA:107,5,1,0
BRDA:116,6,0,0
BRDA:116,6,1,0
BRDA:123,7,0,0
BRDA:123,7,1,0
BRDA:131,8,0,0
BRDA:131,8,1,0
BRDA:133,9,0,0
BRDA:133,9,1,0
BRDA:140,10,0,0
BRDA:140,10,1,0
BRDA:148,11,0,0
BRDA:148,11,1,0
BRDA:150,12,0,0
BRDA:150,12,1,0
BRDA:157,13,0,0
BRDA:157,13,1,0
BRDA:165,14,0,0
BRDA:165,14,1,0
BRDA:174,15,0,0
BRDA:174,15,1,0
BRDA:176,16,0,0
BRDA:176,16,1,0
BRDA:180,17,0,0
BRDA:180,17,1,0
BRDA:181,18,0,0
BRDA:181,18,1,0
BRDA:182,19,0,0
BRDA:182,19,1,0
BRDA:182,19,2,0
BRDA:191,20,0,0
BRDA:191,20,1,0
BRDA:202,21,0,0
BRDA:202,21,1,0
BRDA:202,22,0,0
BRDA:202,22,1,0
BRDA:215,23,0,0
BRDA:215,23,1,0
BRDA:217,24,0,0
BRDA:217,24,1,0
BRDA:225,25,0,0
BRDA:225,25,1,0
BRDA:235,26,0,0
BRDA:235,26,1,0
BRDA:270,27,0,0
BRDA:270,27,1,0
BRDA:278,28,0,0
BRDA:278,28,1,0
BRDA:284,29,0,0
BRDA:284,29,1,0
BRDA:298,30,0,0
BRDA:298,30,1,0
BRDA:301,31,0,0
BRDA:301,31,1,0
BRDA:310,32,0,0
BRDA:310,32,1,0
BRDA:323,33,0,0
BRDA:323,33,1,0
BRDA:331,34,0,0
BRDA:331,34,1,0
BRDA:337,35,0,0
BRDA:337,35,1,0
BRDA:372,36,0,1
BRDA:372,36,1,0
BRDA:377,37,0,0
BRDA:377,37,1,0
BRDA:398,38,0,0
BRDA:398,38,1,1
BRDA:398,39,0,1
BRDA:398,39,1,0
BRDA:403,40,0,0
BRDA:403,40,1,0
BRDA:408,41,0,0
BRDA:408,41,1,0
BRF:85
BRH:6
end_of_record
TN:
SF:server/db/index.ts
FN:11,getDb
FNF:1
FNH:1
FNDA:38,getDb
DA:2,1
DA:3,1
DA:4,1
DA:7,1
DA:9,1
DA:13,38
DA:14,37
DA:18,1
DA:19,1
DA:20,1
DA:21,1
DA:23,1
DA:24,1
DA:26,1
LF:14
LH:14
BRDA:13,0,0,37
BRDA:13,0,1,1
BRDA:18,1,0,1
BRDA:18,1,1,0
BRF:4
BRH:3
end_of_record
TN:
SF:server/db/migrations.ts
FN:7,runMigrations
FN:14,(anonymous_1)
FN:15,(anonymous_2)
FN:16,(anonymous_3)
FN:17,(anonymous_4)
FN:18,(anonymous_5)
FN:55,(anonymous_6)
FN:56,(anonymous_7)
FN:78,(anonymous_8)
FN:94,(anonymous_9)
FN:131,(anonymous_10)
FN:171,(anonymous_11)
FN:208,(anonymous_12)
FN:249,(anonymous_13)
FN:283,(anonymous_14)
FN:319,(anonymous_15)
FN:351,(anonymous_16)
FN:386,(anonymous_17)
FN:393,(anonymous_18)
FN:394,(anonymous_19)
FN:395,(anonymous_20)
FN:396,(anonymous_21)
FN:397,(anonymous_22)
FN:462,(anonymous_23)
FN:504,(anonymous_24)
FN:553,(anonymous_25)
FN:587,(anonymous_26)
FNF:27
FNH:27
FNDA:2,runMigrations
FNDA:26,(anonymous_1)
FNDA:28,(anonymous_2)
FNDA:30,(anonymous_3)
FNDA:32,(anonymous_4)
FNDA:34,(anonymous_5)
FNDA:28,(anonymous_6)
FNDA:28,(anonymous_7)
FNDA:36,(anonymous_8)
FNDA:33,(anonymous_9)
FNDA:56,(anonymous_10)
FNDA:59,(anonymous_11)
FNDA:61,(anonymous_12)
FNDA:25,(anonymous_13)
FNDA:29,(anonymous_14)
FNDA:45,(anonymous_15)
FNDA:61,(anonymous_16)
FNDA:25,(anonymous_17)
FNDA:17,(anonymous_18)
FNDA:18,(anonymous_19)
FNDA:15,(anonymous_20)
FNDA:16,(anonymous_21)
FNDA:20,(anonymous_22)
FNDA:40,(anonymous_23)
FNDA:60,(anonymous_24)
FNDA:51,(anonymous_25)
FNDA:45,(anonymous_26)
DA:8,2
DA:11,2
DA:13,2
DA:14,26
DA:15,28
DA:16,30
DA:17,32
DA:18,34
DA:20,2
DA:21,0
DA:22,0
DA:25,2
DA:26,0
DA:27,0
DA:30,2
DA:31,0
DA:32,0
DA:35,2
DA:36,0
DA:37,0
DA:40,2
DA:41,0
DA:42,0
DA:45,2
DA:47,0
DA:48,0
DA:52,2
DA:54,2
DA:55,28
DA:56,28
DA:58,2
DA:59,0
DA:64,2
DA:65,0
DA:69,2
DA:71,0
DA:72,0
DA:76,2
DA:77,2
DA:78,36
DA:80,2
DA:81,0
DA:82,0
DA:85,2
DA:87,0
DA:88,0
DA:92,2
DA:93,2
DA:94,33
DA:96,2
DA:97,0
DA:98,0
DA:116,0
DA:117,0
DA:119,0
DA:122,2
DA:124,0
DA:125,0
DA:129,2
DA:130,2
DA:131,56
DA:133,2
DA:134,1
DA:135,1
DA:154,1
DA:155,1
DA:156,1
DA:157,1
DA:159,1
DA:162,2
DA:164,0
DA:165,0
DA:169,2
DA:170,2
DA:171,59
DA:173,2
DA:174,1
DA:175,1
DA:193,1
DA:194,1
DA:196,1
DA:199,2
DA:201,0
DA:202,0
DA:206,2
DA:207,2
DA:208,61
DA:210,2
DA:211,1
DA:212,1
DA:231,1
DA:232,1
DA:233,1
DA:234,1
DA:235,1
DA:237,1
DA:240,2
DA:242,0
DA:243,0
DA:247,2
DA:248,2
DA:249,25
DA:251,2
DA:252,1
DA:253,1
DA:268,1
DA:269,1
DA:271,1
DA:274,2
DA:276,0
DA:277,0
DA:281,2
DA:282,2
DA:283,29
DA:285,2
DA:286,1
DA:287,1
DA:302,1
DA:303,1
DA:304,1
DA:305,1
DA:307,1
DA:310,2
DA:312,0
DA:313,0
DA:317,2
DA:318,2
DA:319,45
DA:321,2
DA:322,1
DA:324,1
DA:336,1
DA:337,1
DA:339,1
DA:342,2
DA:344,0
DA:345,0
DA:349,2
DA:350,2
DA:351,61
DA:353,2
DA:354,1
DA:356,1
DA:371,1
DA:372,1
DA:374,1
DA:377,2
DA:379,0
DA:380,0
DA:384,2
DA:385,2
DA:386,25
DA:388,2
DA:389,2
DA:392,2
DA:393,17
DA:394,18
DA:395,15
DA:396,16
DA:397,20
DA:405,2
DA:406,1
DA:409,1
DA:412,1
DA:434,1
DA:441,1
DA:444,1
DA:445,1
DA:446,1
DA:447,1
DA:449,1
DA:453,2
DA:455,0
DA:456,0
DA:460,2
DA:461,2
DA:462,40
DA:464,2
DA:465,1
DA:467,1
DA:488,1
DA:489,1
DA:490,1
DA:492,1
DA:495,2
DA:497,0
DA:498,0
DA:502,2
DA:503,2
DA:504,60
DA:506,2
DA:507,1
DA:509,1
DA:539,1
DA:541,1
DA:544,2
DA:546,0
DA:547,0
DA:551,2
DA:552,2
DA:553,51
DA:555,2
DA:556,1
DA:558,1
DA:572,1
DA:573,1
DA:575,1
DA:578,2
DA:580,0
DA:581,0
DA:585,2
DA:586,2
DA:587,45
DA:589,2
DA:590,1
DA:593,1
DA:602,1
DA:609,1
DA:616,1
DA:624,1
DA:625,1
DA:626,1
DA:628,1
DA:629,1
DA:630,0
DA:633,1
DA:634,1
DA:637,2
DA:639,0
DA:640,0
DA:644,2
DA:645,2
DA:648,2
DA:649,2
DA:650,2
DA:653,2
DA:656,2
DA:659,2
DA:662,2
DA:663,2
DA:666,2
DA:669,2
DA:670,2
DA:671,0
DA:672,0
DA:675,2
DA:676,2
DA:678,0
DA:679,0
DA:682,2
LF:250
LH:194
BRDA:20,0,0,0
BRDA:20,0,1,2
BRDA:25,1,0,0
BRDA:25,1,1,2
BRDA:30,2,0,0
BRDA:30,2,1,2
BRDA:35,3,0,0
BRDA:35,3,1,2
BRDA:40,4,0,0
BRDA:40,4,1,2
BRDA:58,5,0,0
BRDA:58,5,1,2
BRDA:64,6,0,0
BRDA:64,6,1,2
BRDA:80,7,0,0
BRDA:80,7,1,2
BRDA:96,8,0,0
BRDA:96,8,1,2
BRDA:133,9,0,1
BRDA:133,9,1,1
BRDA:173,10,0,1
BRDA:173,10,1,1
BRDA:210,11,0,1
BRDA:210,11,1,1
BRDA:251,12,0,1
BRDA:251,12,1,1
BRDA:285,13,0,1
BRDA:285,13,1,1
BRDA:321,14,0,1
BRDA:321,14,1,1
BRDA:353,15,0,1
BRDA:353,15,1,1
BRDA:388,16,0,2
BRDA:388,16,1,0
BRDA:405,17,0,1
BRDA:405,17,1,1
BRDA:464,18,0,1
BRDA:464,18,1,1
BRDA:506,19,0,1
BRDA:506,19,1,1
BRDA:555,20,0,1
BRDA:555,20,1,1
BRDA:589,21,0,1
BRDA:589,21,1,1
BRF:44
BRH:34
end_of_record
TN:
SF:server/db/repositories/approval.repo.ts
FN:97,(anonymous_0)
FN:140,(anonymous_1)
FN:158,(anonymous_2)
FN:177,(anonymous_3)
FN:186,(anonymous_4)
FN:226,(anonymous_5)
FN:240,(anonymous_6)
FN:283,(anonymous_7)
FN:348,(anonymous_8)
FN:361,(anonymous_9)
FN:408,(anonymous_10)
FN:447,(anonymous_11)
FN:476,(anonymous_12)
FN:479,(anonymous_13)
FN:488,(anonymous_14)
FN:530,(anonymous_15)
FN:553,(anonymous_16)
FN:567,(anonymous_17)
FN:603,(anonymous_18)
FN:620,(anonymous_19)
FN:639,(anonymous_20)
FNF:21
FNH:0
FNDA:0,(anonymous_0)
FNDA:0,(anonymous_1)
FNDA:0,(anonymous_2)
FNDA:0,(anonymous_3)
FNDA:0,(anonymous_4)
FNDA:0,(anonymous_5)
FNDA:0,(anonymous_6)
FNDA:0,(anonymous_7)
FNDA:0,(anonymous_8)
FNDA:0,(anonymous_9)
FNDA:0,(anonymous_10)
FNDA:0,(anonymous_11)
FNDA:0,(anonymous_12)
FNDA:0,(anonymous_13)
FNDA:0,(anonymous_14)
FNDA:0,(anonymous_15)
FNDA:0,(anonymous_16)
FNDA:0,(anonymous_17)
FNDA:0,(anonymous_18)
FNDA:0,(anonymous_19)
FNDA:0,(anonymous_20)
DA:93,1
DA:98,0
DA:99,0
DA:101,0
DA:114,0
DA:121,0
DA:134,0
DA:141,0
DA:142,0
DA:145,0
DA:147,0
DA:149,0
DA:159,0
DA:161,0
DA:165,0
DA:167,0
DA:168,0
DA:169,0
DA:172,0
DA:174,0
DA:175,0
DA:177,0
DA:187,0
DA:188,0
DA:190,0
DA:191,0
DA:193,0
DA:194,0
DA:195,0
DA:197,0
DA:198,0
DA:199,0
DA:201,0
DA:202,0
DA:203,0
DA:205,0
DA:206,0
DA:207,0
DA:210,0
DA:211,0
DA:213,0
DA:219,0
DA:220,0
DA:227,0
DA:228,0
DA:229,0
DA:230,0
DA:236,1
DA:241,0
DA:242,0
DA:244,0
DA:257,0
DA:264,0
DA:277,0
DA:284,0
DA:286,0
DA:307,0
DA:308,0
DA:311,0
DA:313,0
DA:349,0
DA:350,0
DA:355,0
DA:366,0
DA:368,0
DA:388,0
DA:390,0
DA:391,0
DA:392,0
DA:394,0
DA:395,0
DA:396,0
DA:398,0
DA:399,0
DA:400,0
DA:403,0
DA:405,0
DA:406,0
DA:408,0
DA:409,0
DA:411,0
DA:448,0
DA:450,0
DA:472,0
DA:475,0
DA:477,0
DA:478,0
DA:479,0
DA:482,0
DA:483,0
DA:487,0
DA:488,0
DA:491,0
DA:493,0
DA:531,0
DA:532,0
DA:534,0
DA:535,0
DA:537,0
DA:538,0
DA:539,0
DA:542,0
DA:543,0
DA:545,0
DA:546,0
DA:547,0
DA:554,0
DA:555,0
DA:556,0
DA:557,0
DA:563,1
DA:568,0
DA:569,0
DA:571,0
DA:581,0
DA:587,0
DA:597,0
DA:604,0
DA:606,0
DA:618,0
DA:620,0
DA:640,0
DA:642,0
DA:647,0
LF:124
LH:3
BRDA:125,0,0,0
BRDA:125,0,1,0
BRDA:147,1,0,0
BRDA:147,1,1,0
BRDA:167,2,0,0
BRDA:167,2,1,0
BRDA:193,3,0,0
BRDA:193,3,1,0
BRDA:197,4,0,0
BRDA:197,4,1,0
BRDA:201,5,0,0
BRDA:201,5,1,0
BRDA:205,6,0,0
BRDA:205,6,1,0
BRDA:308,7,0,0
BRDA:308,7,1,0
BRDA:390,8,0,0
BRDA:390,8,1,0
BRDA:394,9,0,0
BRDA:394,9,1,0
BRDA:398,10,0,0
BRDA:398,10,1,0
BRDA:482,11,0,0
BRDA:482,11,1,0
BRDA:482,12,0,0
BRDA:482,12,1,0
BRDA:488,13,0,0
BRDA:488,13,1,0
BRDA:491,14,0,0
BRDA:491,14,1,0
BRDA:537,15,0,0
BRDA:537,15,1,0
BRDA:593,16,0,0
BRDA:593,16,1,0
BRF:34
BRH:0
end_of_record
TN:
SF:server/db/repositories/comment.repo.ts
FN:38,(anonymous_0)
FN:93,(anonymous_1)
FN:119,(anonymous_2)
FN:142,(anonymous_3)
FN:171,(anonymous_4)
FN:177,(anonymous_5)
FN:194,(anonymous_6)
FN:217,(anonymous_7)
FN:245,(anonymous_8)
FN:256,(anonymous_9)
FN:270,(anonymous_10)
FN:292,(anonymous_11)
FN:321,(anonymous_12)
FN:352,(anonymous_13)
FN:352,(anonymous_14)
FN:421,(anonymous_15)
FN:513,(anonymous_16)
FN:544,(anonymous_17)
FN:576,(anonymous_18)
FN:593,(anonymous_19)
FN:604,(anonymous_20)
FNF:21
FNH:0
FNDA:0,(anonymous_0)
FNDA:0,(anonymous_1)
FNDA:0,(anonymous_2)
FNDA:0,(anonymous_3)
FNDA:0,(anonymous_4)
FNDA:0,(anonymous_5)
FNDA:0,(anonymous_6)
FNDA:0,(anonymous_7)
FNDA:0,(anonymous_8)
FNDA:0,(anonymous_9)
FNDA:0,(anonymous_10)
FNDA:0,(anonymous_11)
FNDA:0,(anonymous_12)
FNDA:0,(anonymous_13)
FNDA:0,(anonymous_14)
FNDA:0,(anonymous_15)
FNDA:0,(anonymous_16)
FNDA:0,(anonymous_17)
FNDA:0,(anonymous_18)
FNDA:0,(anonymous_19)
FNDA:0,(anonymous_20)
DA:34,1
DA:39,0
DA:40,0
DA:41,0
DA:44,0
DA:46,0
DA:60,0
DA:67,0
DA:81,0
DA:85,0
DA:87,0
DA:94,0
DA:95,0
DA:96,0
DA:98,0
DA:99,0
DA:102,0
DA:120,0
DA:121,0
DA:139,0
DA:142,0
DA:167,0
DA:168,0
DA:171,0
DA:172,0
DA:173,0
DA:177,0
DA:178,0
DA:179,0
DA:180,0
DA:181,0
DA:184,0
DA:188,0
DA:195,0
DA:196,0
DA:215,0
DA:217,0
DA:246,0
DA:248,0
DA:249,0
DA:250,0
DA:257,0
DA:258,0
DA:263,0
DA:264,0
DA:271,0
DA:272,0
DA:290,0
DA:292,0
DA:331,0
DA:341,0
DA:343,0
DA:346,0
DA:348,0
DA:350,0
DA:352,0
DA:355,0
DA:356,0
DA:358,0
DA:359,0
DA:360,0
DA:363,0
DA:364,0
DA:365,0
DA:368,0
DA:369,0
DA:370,0
DA:373,0
DA:374,0
DA:375,0
DA:378,0
DA:379,0
DA:380,0
DA:383,0
DA:388,0
DA:394,0
DA:395,0
DA:398,0
DA:419,0
DA:421,0
DA:445,0
DA:449,0
DA:450,0
DA:453,0
DA:454,0
DA:455,0
DA:459,0
DA:460,0
DA:461,0
DA:465,0
DA:466,0
DA:467,0
DA:471,0
DA:472,0
DA:473,0
DA:475,0
DA:476,0
DA:477,0
DA:480,0
DA:483,0
DA:488,0
DA:489,0
DA:492,0
DA:511,0
DA:513,0
DA:537,0
DA:545,0
DA:546,0
DA:549,0
DA:550,0
DA:552,0
DA:554,0
DA:560,0
DA:563,0
DA:564,0
DA:568,0
DA:582,0
DA:583,0
DA:591,0
DA:593,0
DA:605,0
DA:606,0
DA:607,0
LF:123
LH:1
BRDA:54,0,0,0
BRDA:54,0,1,0
BRDA:74,1,0,0
BRDA:74,1,1,0
BRDA:98,2,0,0
BRDA:98,2,1,0
BRDA:178,3,0,0
BRDA:178,3,1,0
BRDA:180,4,0,0
BRDA:180,4,1,0
BRDA:339,5,0,0
BRDA:340,6,0,0
BRDA:343,7,0,0
BRDA:343,7,1,0
BRDA:346,8,0,0
BRDA:346,8,1,0
BRDA:358,9,0,0
BRDA:358,9,1,0
BRDA:363,10,0,0
BRDA:363,10,1,0
BRDA:368,11,0,0
BRDA:368,11,1,0
BRDA:368,12,0,0
BRDA:368,12,1,0
BRDA:373,13,0,0
BRDA:373,13,1,0
BRDA:378,14,0,0
BRDA:378,14,1,0
BRDA:383,15,0,0
BRDA:383,15,1,0
BRDA:453,16,0,0
BRDA:453,16,1,0
BRDA:459,17,0,0
BRDA:459,17,1,0
BRDA:465,18,0,0
BRDA:465,18,1,0
BRDA:465,19,0,0
BRDA:465,19,1,0
BRDA:471,20,0,0
BRDA:471,20,1,0
BRDA:475,21,0,0
BRDA:475,21,1,0
BRDA:480,22,0,0
BRDA:480,22,1,0
BRDA:552,23,0,0
BRDA:552,23,1,0
BRDA:576,24,0,0
BRF:47
BRH:0
end_of_record
TN:
SF:server/db/repositories/feedback.repo.ts
FN:28,(anonymous_0)
FN:62,(anonymous_1)
FN:97,(anonymous_2)
FN:110,(anonymous_3)
FN:131,(anonymous_4)
FN:151,(anonymous_5)
FN:163,(anonymous_6)
FNF:7
FNH:0
FNDA:0,(anonymous_0)
FNDA:0,(anonymous_1)
FNDA:0,(anonymous_2)
FNDA:0,(anonymous_3)
FNDA:0,(anonymous_4)
FNDA:0,(anonymous_5)
FNDA:0,(anonymous_6)
DA:24,1
DA:29,0
DA:30,0
DA:32,0
DA:41,0
DA:47,0
DA:56,0
DA:67,0
DA:69,0
DA:70,0
DA:71,0
DA:73,0
DA:74,0
DA:75,0
DA:78,0
DA:79,0
DA:82,0
DA:84,0
DA:85,0
DA:86,0
DA:89,0
DA:90,0
DA:91,0
DA:94,0
DA:95,0
DA:97,0
DA:111,0
DA:113,0
DA:114,0
DA:116,0
DA:118,0
DA:132,0
DA:134,0
DA:135,0
DA:137,0
DA:138,0
DA:139,0
DA:142,0
DA:143,0
DA:145,0
DA:152,0
DA:154,0
DA:161,0
DA:163,0
LF:44
LH:1
BRDA:73,0,0,0
BRDA:73,0,1,0
BRDA:78,1,0,0
BRDA:78,1,1,0
BRDA:84,2,0,0
BRDA:84,2,1,0
BRDA:89,3,0,0
BRDA:89,3,1,0
BRDA:116,4,0,0
BRDA:116,4,1,0
BRDA:137,5,0,0
BRDA:137,5,1,0
BRF:12
BRH:0
end_of_record
TN:
SF:server/db/repositories/insight.repo.ts
FN:30,(anonymous_0)
FN:35,(anonymous_1)
FN:40,(anonymous_2)
FN:45,(anonymous_3)
FN:67,(anonymous_4)
FN:81,(anonymous_5)
FN:86,(anonymous_6)
FN:88,(anonymous_7)
FN:96,(anonymous_8)
FN:107,(anonymous_9)
FN:129,(anonymous_10)
FNF:11
FNH:0
FNDA:0,(anonymous_0)
FNDA:0,(anonymous_1)
FNDA:0,(anonymous_2)
FNDA:0,(anonymous_3)
FNDA:0,(anonymous_4)
FNDA:0,(anonymous_5)
FNDA:0,(anonymous_6)
FNDA:0,(anonymous_7)
FNDA:0,(anonymous_8)
FNDA:0,(anonymous_9)
FNDA:0,(anonymous_10)
DA:29,1
DA:31,0
DA:32,0
DA:36,0
DA:37,0
DA:41,0
DA:42,0
DA:46,0
DA:47,0
DA:48,0
DA:49,0
DA:58,0
DA:68,0
DA:69,0
DA:70,0
DA:71,0
DA:72,0
DA:82,0
DA:83,0
DA:87,0
DA:88,0
DA:89,0
DA:97,0
DA:98,0
DA:101,0
DA:107,0
DA:108,0
DA:109,0
DA:110,0
DA:111,0
DA:117,0
DA:125,0
DA:129,0
LF:33
LH:1
BRDA:55,0,0,0
BRDA:55,0,1,0
BRDA:56,1,0,0
BRDA:56,1,1,0
BRDA:61,2,0,0
BRDA:61,2,1,0
BRDA:62,3,0,0
BRDA:62,3,1,0
BRDA:71,4,0,0
BRDA:71,4,1,0
BRDA:74,5,0,0
BRDA:74,5,1,0
BRDA:74,6,0,0
BRDA:74,6,1,0
BRDA:75,7,0,0
BRDA:75,7,1,0
BRDA:76,8,0,0
BRDA:76,8,1,0
BRDA:114,9,0,0
BRDA:114,9,1,0
BRDA:115,10,0,0
BRDA:115,10,1,0
BRDA:120,11,0,0
BRDA:120,11,1,0
BRDA:121,12,0,0
BRDA:121,12,1,0
BRF:26
BRH:0
end_of_record
TN:
SF:server/db/repositories/kb.repo.ts
FN:16,(anonymous_0)
FN:24,(anonymous_1)
FN:32,(anonymous_2)
FN:38,(anonymous_3)
FN:48,(anonymous_4)
FN:67,(anonymous_5)
FN:83,(anonymous_6)
FN:88,(anonymous_7)
FN:99,(anonymous_8)
FNF:9
FNH:0
FNDA:0,(anonymous_0)
FNDA:0,(anonymous_1)
FNDA:0,(anonymous_2)
FNDA:0,(anonymous_3)
FNDA:0,(anonymous_4)
FNDA:0,(anonymous_5)
FNDA:0,(anonymous_6)
FNDA:0,(anonymous_7)
FNDA:0,(anonymous_8)
DA:15,1
DA:17,0
DA:18,0
DA:19,0
DA:21,0
DA:25,0
DA:26,0
DA:27,0
DA:29,0
DA:33,0
DA:34,0
DA:35,0
DA:39,0
DA:40,0
DA:41,0
DA:49,0
DA:52,0
DA:61,0
DA:68,0
DA:71,0
DA:80,0
DA:84,0
DA:85,0
DA:89,0
DA:90,0
DA:91,0
DA:92,0
DA:96,0
DA:100,0
DA:101,0
LF:30
LH:1
BRDA:18,0,0,0
BRDA:18,0,1,0
BRDA:26,1,0,0
BRDA:26,1,1,0
BRDA:48,2,0,0
BRDA:67,3,0,0
BRF:6
BRH:0
end_of_record
TN:
SF:server/db/repositories/log.repo.ts
FN:13,(anonymous_0)
FN:20,(anonymous_1)
FN:29,(anonymous_2)
FN:43,(anonymous_3)
FNF:4
FNH:0
FNDA:0,(anonymous_0)
FNDA:0,(anonymous_1)
FNDA:0,(anonymous_2)
FNDA:0,(anonymous_3)
DA:12,1
DA:14,0
DA:15,0
DA:21,0
DA:22,0
DA:30,0
DA:31,0
DA:32,0
DA:33,0
DA:40,0
DA:44,0
DA:45,0
DA:46,0
DA:57,0
LF:14
LH:1
BRDA:13,0,0,0
BRDA:29,1,0,0
BRDA:43,2,0,0
BRF:3
BRH:0
end_of_record
TN:
SF:server/db/repositories/notification-settings.repo.ts
FN:47,(anonymous_0)
FN:109,(anonymous_1)
FN:198,(anonymous_2)
FNF:3
FNH:0
FNDA:0,(anonymous_0)
FNDA:0,(anonymous_1)
FNDA:0,(anonymous_2)
DA:43,1
DA:48,0
DA:51,0
DA:52,0
DA:55,0
DA:56,0
DA:57,0
DA:59,0
DA:72,0
DA:84,0
DA:87,0
DA:110,0
DA:113,0
DA:116,0
DA:117,0
DA:119,0
DA:120,0
DA:121,0
DA:124,0
DA:125,0
DA:126,0
DA:129,0
DA:130,0
DA:131,0
DA:134,0
DA:135,0
DA:136,0
DA:139,0
DA:140,0
DA:141,0
DA:144,0
DA:145,0
DA:146,0
DA:149,0
DA:150,0
DA:151,0
DA:154,0
DA:155,0
DA:156,0
DA:159,0
DA:160,0
DA:161,0
DA:164,0
DA:165,0
DA:166,0
DA:169,0
DA:170,0
DA:171,0
DA:175,0
DA:176,0
DA:179,0
DA:181,0
DA:187,0
DA:188,0
DA:203,0
DA:206,0
DA:207,0
DA:209,0
DA:210,0
DA:214,0
DA:215,0
LF:61
LH:1
BRDA:55,0,0,0
BRDA:55,0,1,0
BRDA:119,1,0,0
BRDA:119,1,1,0
BRDA:121,2,0,0
BRDA:121,2,1,0
BRDA:124,3,0,0
BRDA:124,3,1,0
BRDA:126,4,0,0
BRDA:126,4,1,0
BRDA:129,5,0,0
BRDA:129,5,1,0
BRDA:131,6,0,0
BRDA:131,6,1,0
BRDA:134,7,0,0
BRDA:134,7,1,0
BRDA:136,8,0,0
BRDA:136,8,1,0
BRDA:139,9,0,0
BRDA:139,9,1,0
BRDA:141,10,0,0
BRDA:141,10,1,0
BRDA:144,11,0,0
BRDA:144,11,1,0
BRDA:146,12,0,0
BRDA:146,12,1,0
BRDA:149,13,0,0
BRDA:149,13,1,0
BRDA:151,14,0,0
BRDA:151,14,1,0
BRDA:154,15,0,0
BRDA:154,15,1,0
BRDA:156,16,0,0
BRDA:156,16,1,0
BRDA:159,17,0,0
BRDA:159,17,1,0
BRDA:161,18,0,0
BRDA:161,18,1,0
BRDA:164,19,0,0
BRDA:164,19,1,0
BRDA:166,20,0,0
BRDA:166,20,1,0
BRDA:169,21,0,0
BRDA:169,21,1,0
BRDA:206,22,0,0
BRDA:206,22,1,0
BRDA:206,23,0,0
BRDA:206,23,1,0
BRDA:209,24,0,0
BRDA:209,24,1,0
BRDA:209,25,0,0
BRDA:209,25,1,0
BRF:52
BRH:0
end_of_record
TN:
SF:server/db/repositories/notification.repo.ts
FN:50,(anonymous_0)
FN:98,(anonymous_1)
FN:112,(anonymous_2)
FN:156,(anonymous_3)
FN:195,(anonymous_4)
FN:205,(anonymous_5)
FN:221,(anonymous_6)
FN:237,(anonymous_7)
FN:253,(anonymous_8)
FN:258,(anonymous_9)
FN:273,(anonymous_10)
FN:287,(anonymous_11)
FN:292,(anonymous_12)
FN:305,(anonymous_13)
FNF:14
FNH:0
FNDA:0,(anonymous_0)
FNDA:0,(anonymous_1)
FNDA:0,(anonymous_2)
FNDA:0,(anonymous_3)
FNDA:0,(anonymous_4)
FNDA:0,(anonymous_5)
FNDA:0,(anonymous_6)
FNDA:0,(anonymous_7)
FNDA:0,(anonymous_8)
FNDA:0,(anonymous_9)
FNDA:0,(anonymous_10)
FNDA:0,(anonymous_11)
FNDA:0,(anonymous_12)
FNDA:0,(anonymous_13)
DA:46,1
DA:51,0
DA:52,0
DA:54,0
DA:69,0
DA:77,0
DA:92,0
DA:99,0
DA:100,0
DA:102,0
DA:104,0
DA:112,0
DA:113,0
DA:114,0
DA:129,0
DA:144,0
DA:148,0
DA:150,0
DA:162,0
DA:164,0
DA:168,0
DA:170,0
DA:171,0
DA:172,0
DA:175,0
DA:176,0
DA:177,0
DA:180,0
DA:182,0
DA:183,0
DA:184,0
DA:186,0
DA:187,0
DA:188,0
DA:192,0
DA:193,0
DA:195,0
DA:206,0
DA:208,0
DA:214,0
DA:215,0
DA:222,0
DA:224,0
DA:230,0
DA:231,0
DA:238,0
DA:240,0
DA:246,0
DA:247,0
DA:254,0
DA:256,0
DA:258,0
DA:260,0
DA:266,0
DA:267,0
DA:274,0
DA:276,0
DA:280,0
DA:281,0
DA:288,0
DA:290,0
DA:292,0
DA:294,0
DA:298,0
DA:299,0
DA:306,0
DA:308,0
DA:312,0
DA:313,0
LF:69
LH:1
BRDA:81,0,0,0
BRDA:81,0,1,0
BRDA:83,1,0,0
BRDA:83,1,1,0
BRDA:84,2,0,0
BRDA:84,2,1,0
BRDA:85,3,0,0
BRDA:85,3,1,0
BRDA:86,4,0,0
BRDA:86,4,1,0
BRDA:87,5,0,0
BRDA:87,5,1,0
BRDA:88,6,0,0
BRDA:88,6,1,0
BRDA:133,7,0,0
BRDA:133,7,1,0
BRDA:135,8,0,0
BRDA:135,8,1,0
BRDA:136,9,0,0
BRDA:136,9,1,0
BRDA:137,10,0,0
BRDA:137,10,1,0
BRDA:138,11,0,0
BRDA:138,11,1,0
BRDA:139,12,0,0
BRDA:139,12,1,0
BRDA:140,13,0,0
BRDA:140,13,1,0
BRDA:170,14,0,0
BRDA:170,14,1,0
BRDA:172,15,0,0
BRDA:172,15,1,0
BRDA:175,16,0,0
BRDA:175,16,1,0
BRDA:182,17,0,0
BRDA:182,17,1,0
BRDA:186,18,0,0
BRDA:186,18,1,0
BRDA:198,19,0,0
BRDA:198,19,1,0
BRDA:256,20,0,0
BRDA:256,20,1,0
BRDA:290,21,0,0
BRDA:290,21,1,0
BRF:44
BRH:0
end_of_record
TN:
SF:server/db/repositories/product.repo.ts
FN:29,(anonymous_0)
FN:42,(anonymous_1)
FN:51,(anonymous_2)
FN:91,(anonymous_3)
FN:94,(anonymous_4)
FN:95,(anonymous_5)
FN:102,(anonymous_6)
FN:138,(anonymous_7)
FN:148,(anonymous_8)
FN:161,(anonymous_9)
FN:185,(anonymous_10)
FNF:11
FNH:0
FNDA:0,(anonymous_0)
FNDA:0,(anonymous_1)
FNDA:0,(anonymous_2)
FNDA:0,(anonymous_3)
FNDA:0,(anonymous_4)
FNDA:0,(anonymous_5)
FNDA:0,(anonymous_6)
FNDA:0,(anonymous_7)
FNDA:0,(anonymous_8)
FNDA:0,(anonymous_9)
FNDA:0,(anonymous_10)
DA:30,0
DA:31,0
DA:36,0
DA:43,0
DA:44,0
DA:45,0
DA:52,0
DA:53,0
DA:55,0
DA:67,0
DA:73,0
DA:85,0
DA:92,0
DA:94,0
DA:95,0
DA:103,0
DA:104,0
DA:106,0
DA:107,0
DA:110,0
DA:111,0
DA:117,0
DA:123,0
DA:132,0
DA:139,0
DA:140,0
DA:141,0
DA:142,0
DA:149,0
DA:150,0
DA:154,0
DA:155,0
DA:162,0
DA:165,0
DA:166,0
DA:170,0
DA:171,0
DA:173,0
DA:177,0
DA:178,0
DA:186,0
DA:187,0
DA:195,0
DA:199,1
LF:44
LH:1
BRDA:62,0,0,0
BRDA:62,0,1,0
BRDA:106,1,0,0
BRDA:106,1,1,0
BRDA:165,2,0,0
BRDA:165,2,1,0
BRF:6
BRH:0
end_of_record
TN:
SF:server/db/repositories/project-member.repo.ts
FN:31,(anonymous_0)
FN:71,(anonymous_1)
FN:94,(anonymous_2)
FN:121,(anonymous_3)
FN:128,(anonymous_4)
FN:134,(anonymous_5)
FN:148,(anonymous_6)
FN:158,(anonymous_7)
FN:173,(anonymous_8)
FN:183,(anonymous_9)
FN:192,(anonymous_10)
FN:211,(anonymous_11)
FN:263,(anonymous_12)
FNF:13
FNH:0
FNDA:0,(anonymous_0)
FNDA:0,(anonymous_1)
FNDA:0,(anonymous_2)
FNDA:0,(anonymous_3)
FNDA:0,(anonymous_4)
FNDA:0,(anonymous_5)
FNDA:0,(anonymous_6)
FNDA:0,(anonymous_7)
FNDA:0,(anonymous_8)
FNDA:0,(anonymous_9)
FNDA:0,(anonymous_10)
FNDA:0,(anonymous_11)
FNDA:0,(anonymous_12)
DA:27,1
DA:32,0
DA:33,0
DA:34,0
DA:36,0
DA:47,0
DA:54,0
DA:65,0
DA:72,0
DA:73,0
DA:92,0
DA:94,0
DA:122,0
DA:123,0
DA:127,0
DA:128,0
DA:135,0
DA:136,0
DA:141,0
DA:142,0
DA:149,0
DA:150,0
DA:151,0
DA:152,0
DA:159,0
DA:160,0
DA:166,0
DA:167,0
DA:174,0
DA:175,0
DA:176,0
DA:177,0
DA:184,0
DA:185,0
DA:193,0
DA:194,0
DA:196,0
DA:202,0
DA:203,0
DA:205,0
DA:212,0
DA:213,0
DA:232,0
DA:234,0
DA:236,0
DA:264,0
DA:265,0
DA:269,0
DA:270,0
LF:49
LH:1
BRDA:59,0,0,0
BRDA:59,0,1,0
BRDA:142,1,0,0
BRDA:142,1,1,0
BRDA:152,2,0,0
BRDA:152,2,1,0
BRDA:194,3,0,0
BRDA:194,3,1,0
BRDA:234,4,0,0
BRDA:234,4,1,0
BRF:10
BRH:0
end_of_record
TN:
SF:server/db/repositories/project.repo.ts
FN:28,parseProjectRow
FN:66,(anonymous_1)
FN:72,(anonymous_2)
FN:78,(anonymous_3)
FN:122,(anonymous_4)
FN:155,(anonymous_5)
FN:160,(anonymous_6)
FN:185,(anonymous_7)
FN:189,(anonymous_8)
FN:199,(anonymous_9)
FNF:10
FNH:0
FNDA:0,parseProjectRow
FNDA:0,(anonymous_1)
FNDA:0,(anonymous_2)
FNDA:0,(anonymous_3)
FNDA:0,(anonymous_4)
FNDA:0,(anonymous_5)
FNDA:0,(anonymous_6)
FNDA:0,(anonymous_7)
FNDA:0,(anonymous_8)
FNDA:0,(anonymous_9)
DA:29,0
DA:65,1
DA:67,0
DA:68,0
DA:69,0
DA:73,0
DA:74,0
DA:75,0
DA:79,0
DA:80,0
DA:81,0
DA:82,0
DA:84,0
DA:105,0
DA:123,0
DA:124,0
DA:125,0
DA:126,0
DA:128,0
DA:129,0
DA:131,0
DA:132,0
DA:133,0
DA:134,0
DA:135,0
DA:136,0
DA:137,0
DA:138,0
DA:139,0
DA:140,0
DA:141,0
DA:142,0
DA:143,0
DA:144,0
DA:145,0
DA:147,0
DA:148,0
DA:150,0
DA:152,0
DA:156,0
DA:157,0
DA:161,0
DA:163,0
DA:164,0
DA:165,0
DA:166,0
DA:168,0
DA:169,0
DA:171,0
DA:186,0
DA:188,0
DA:189,0
DA:190,0
DA:191,0
DA:192,0
DA:200,0
DA:201,0
DA:207,0
DA:208,0
LF:59
LH:1
BRDA:31,0,0,0
BRDA:31,0,1,0
BRDA:75,1,0,0
BRDA:75,1,1,0
BRDA:82,2,0,0
BRDA:82,2,1,0
BRDA:92,3,0,0
BRDA:92,3,1,0
BRDA:93,4,0,0
BRDA:93,4,1,0
BRDA:94,5,0,0
BRDA:94,5,1,0
BRDA:95,6,0,0
BRDA:95,6,1,0
BRDA:96,7,0,0
BRDA:96,7,1,0
BRDA:97,8,0,0
BRDA:97,8,1,0
BRDA:98,9,0,0
BRDA:98,9,1,0
BRDA:108,10,0,0
BRDA:108,10,1,0
BRDA:126,11,0,0
BRDA:126,11,1,0
BRDA:131,12,0,0
BRDA:131,12,1,0
BRDA:132,13,0,0
BRDA:132,13,1,0
BRDA:133,14,0,0
BRDA:133,14,1,0
BRDA:134,15,0,0
BRDA:134,15,1,0
BRDA:135,16,0,0
BRDA:135,16,1,0
BRDA:136,17,0,0
BRDA:136,17,1,0
BRDA:137,18,0,0
BRDA:137,18,1,0
BRDA:138,19,0,0
BRDA:138,19,1,0
BRDA:139,20,0,0
BRDA:139,20,1,0
BRDA:140,21,0,0
BRDA:140,21,1,0
BRDA:141,22,0,0
BRDA:141,22,1,0
BRDA:142,23,0,0
BRDA:142,23,1,0
BRDA:143,24,0,0
BRDA:143,24,1,0
BRDA:144,25,0,0
BRDA:144,25,1,0
BRDA:145,26,0,0
BRDA:145,26,1,0
BRDA:186,27,0,0
BRDA:186,27,1,0
BRF:56
BRH:0
end_of_record
TN:
SF:server/db/repositories/questionnaire.repo.ts
FN:76,(anonymous_0)
FN:81,(anonymous_1)
FN:113,(anonymous_2)
FN:131,(anonymous_3)
FN:139,(anonymous_4)
FN:154,(anonymous_5)
FN:197,(anonymous_6)
FN:206,(anonymous_7)
FN:237,(anonymous_8)
FN:247,(anonymous_9)
FN:287,(anonymous_10)
FN:296,(anonymous_11)
FN:342,(anonymous_12)
FN:354,(anonymous_13)
FN:367,(anonymous_14)
FN:383,(anonymous_15)
FN:388,(anonymous_16)
FN:388,(anonymous_17)
FN:389,(anonymous_18)
FN:392,(anonymous_19)
FN:408,(anonymous_20)
FN:449,(anonymous_21)
FN:463,(anonymous_22)
FN:477,(anonymous_23)
FN:490,(anonymous_24)
FNF:25
FNH:0
FNDA:0,(anonymous_0)
FNDA:0,(anonymous_1)
FNDA:0,(anonymous_2)
FNDA:0,(anonymous_3)
FNDA:0,(anonymous_4)
FNDA:0,(anonymous_5)
FNDA:0,(anonymous_6)
FNDA:0,(anonymous_7)
FNDA:0,(anonymous_8)
FNDA:0,(anonymous_9)
FNDA:0,(anonymous_10)
FNDA:0,(anonymous_11)
FNDA:0,(anonymous_12)
FNDA:0,(anonymous_13)
FNDA:0,(anonymous_14)
FNDA:0,(anonymous_15)
FNDA:0,(anonymous_16)
FNDA:0,(anonymous_17)
FNDA:0,(anonymous_18)
FNDA:0,(anonymous_19)
FNDA:0,(anonymous_20)
FNDA:0,(anonymous_21)
FNDA:0,(anonymous_22)
FNDA:0,(anonymous_23)
FNDA:0,(anonymous_24)
DA:2,1
DA:76,0
DA:82,0
DA:83,0
DA:85,0
DA:91,0
DA:102,0
DA:114,0
DA:115,0
DA:117,0
DA:118,0
DA:119,0
DA:122,0
DA:124,0
DA:125,0
DA:132,0
DA:133,0
DA:140,0
DA:141,0
DA:143,0
DA:145,0
DA:155,0
DA:156,0
DA:157,0
DA:159,0
DA:160,0
DA:161,0
DA:163,0
DA:164,0
DA:165,0
DA:167,0
DA:168,0
DA:169,0
DA:171,0
DA:172,0
DA:173,0
DA:175,0
DA:176,0
DA:177,0
DA:180,0
DA:182,0
DA:183,0
DA:184,0
DA:186,0
DA:190,0
DA:191,0
DA:198,0
DA:199,0
DA:200,0
DA:207,0
DA:208,0
DA:210,0
DA:216,0
DA:227,0
DA:238,0
DA:241,0
DA:248,0
DA:249,0
DA:251,0
DA:252,0
DA:253,0
DA:255,0
DA:256,0
DA:257,0
DA:259,0
DA:260,0
DA:261,0
DA:263,0
DA:264,0
DA:265,0
DA:267,0
DA:268,0
DA:269,0
DA:272,0
DA:274,0
DA:276,0
DA:280,0
DA:281,0
DA:288,0
DA:289,0
DA:290,0
DA:302,0
DA:303,0
DA:305,0
DA:311,0
DA:312,0
DA:313,0
DA:324,0
DA:336,0
DA:343,0
DA:348,0
DA:356,0
DA:361,0
DA:364,0
DA:367,0
DA:368,0
DA:372,0
DA:374,0
DA:381,0
DA:382,0
DA:383,0
DA:384,0
DA:386,0
DA:387,0
DA:388,0
DA:389,0
DA:390,0
DA:391,0
DA:392,0
DA:395,0
DA:398,0
DA:414,0
DA:415,0
DA:417,0
DA:423,0
DA:434,0
DA:450,0
DA:456,0
DA:457,0
DA:464,0
DA:470,0
DA:471,0
DA:478,0
DA:484,0
DA:491,0
DA:500,0
DA:506,0
DA:510,0
LF:128
LH:1
BRDA:94,0,0,0
BRDA:94,0,1,0
BRDA:96,1,0,0
BRDA:96,1,1,0
BRDA:117,2,0,0
BRDA:117,2,1,0
BRDA:141,3,0,0
BRDA:141,3,1,0
BRDA:159,4,0,0
BRDA:159,4,1,0
BRDA:163,5,0,0
BRDA:163,5,1,0
BRDA:167,6,0,0
BRDA:167,6,1,0
BRDA:171,7,0,0
BRDA:171,7,1,0
BRDA:175,8,0,0
BRDA:175,8,1,0
BRDA:180,9,0,0
BRDA:180,9,1,0
BRDA:221,10,0,0
BRDA:221,10,1,0
BRDA:251,11,0,0
BRDA:251,11,1,0
BRDA:255,12,0,0
BRDA:255,12,1,0
BRDA:259,13,0,0
BRDA:259,13,1,0
BRDA:263,14,0,0
BRDA:263,14,1,0
BRDA:267,15,0,0
BRDA:267,15,1,0
BRDA:272,16,0,0
BRDA:272,16,1,0
BRDA:381,17,0,0
BRDA:381,17,1,0
BRDA:381,18,0,0
BRDA:381,18,1,0
BRDA:384,19,0,0
BRDA:384,19,1,0
BRDA:387,20,0,0
BRDA:387,20,1,0
BRDA:389,21,0,0
BRDA:389,21,1,0
BRDA:391,22,0,0
BRDA:391,22,1,0
BRDA:429,23,0,0
BRDA:429,23,1,0
BRDA:440,24,0,0
BRDA:440,24,1,0
BRDA:506,25,0,0
BRDA:506,25,1,0
BRDA:512,26,0,0
BRDA:512,26,1,0
BRDA:513,27,0,0
BRDA:513,27,1,0
BRDA:514,28,0,0
BRDA:514,28,1,0
BRF:58
BRH:0
end_of_record
TN:
SF:server/db/repositories/report.repo.ts
FN:13,(anonymous_0)
FN:42,(anonymous_1)
FN:51,(anonymous_2)
FNF:3
FNH:0
FNDA:0,(anonymous_0)
FNDA:0,(anonymous_1)
FNDA:0,(anonymous_2)
DA:2,1
DA:14,0
DA:15,0
DA:18,0
DA:22,0
DA:24,0
DA:30,0
DA:33,0
DA:34,0
DA:38,0
DA:43,0
DA:44,0
DA:48,0
DA:52,0
DA:53,0
DA:57,1
LF:16
LH:2
BRDA:22,0,0,0
BRDA:22,0,1,0
BRDA:48,1,0,0
BRDA:48,1,1,0
BRF:4
BRH:0
end_of_record
TN:
SF:server/db/repositories/script-annotation.repo.ts
FN:56,(anonymous_0)
FN:111,(anonymous_1)
FN:142,(anonymous_2)
FN:160,(anonymous_3)
FN:171,(anonymous_4)
FN:189,(anonymous_5)
FN:237,(anonymous_6)
FN:252,(anonymous_7)
FNF:8
FNH:0
FNDA:0,(anonymous_0)
FNDA:0,(anonymous_1)
FNDA:0,(anonymous_2)
FNDA:0,(anonymous_3)
FNDA:0,(anonymous_4)
FNDA:0,(anonymous_5)
FNDA:0,(anonymous_6)
FNDA:0,(anonymous_7)
DA:52,1
DA:57,0
DA:58,0
DA:61,0
DA:62,0
DA:65,0
DA:79,0
DA:86,0
DA:100,0
DA:117,0
DA:118,0
DA:119,0
DA:121,0
DA:126,0
DA:128,0
DA:130,0
DA:131,0
DA:134,0
DA:137,0
DA:139,0
DA:140,0
DA:142,0
DA:161,0
DA:163,0
DA:169,0
DA:171,0
DA:190,0
DA:193,0
DA:194,0
DA:197,0
DA:198,0
DA:200,0
DA:201,0
DA:202,0
DA:205,0
DA:206,0
DA:207,0
DA:210,0
DA:211,0
DA:212,0
DA:215,0
DA:216,0
DA:219,0
DA:220,0
DA:222,0
DA:224,0
DA:230,0
DA:231,0
DA:238,0
DA:240,0
DA:245,0
DA:246,0
DA:253,0
DA:255,0
DA:260,0
DA:262,0
DA:263,0
DA:266,0
LF:58
LH:1
BRDA:61,0,0,0
BRDA:61,0,1,0
BRDA:61,1,0,0
BRDA:61,1,1,0
BRDA:74,2,0,0
BRDA:74,2,1,0
BRDA:93,3,0,0
BRDA:93,3,1,0
BRDA:95,4,0,0
BRDA:95,4,1,0
BRDA:118,5,0,0
BRDA:118,5,1,0
BRDA:128,6,0,0
BRDA:128,6,1,0
BRDA:128,7,0,0
BRDA:128,7,1,0
BRDA:193,8,0,0
BRDA:193,8,1,0
BRDA:193,9,0,0
BRDA:193,9,1,0
BRDA:200,10,0,0
BRDA:200,10,1,0
BRDA:205,11,0,0
BRDA:205,11,1,0
BRDA:207,12,0,0
BRDA:207,12,1,0
BRDA:210,13,0,0
BRDA:210,13,1,0
BRDA:212,14,0,0
BRDA:212,14,1,0
BRDA:215,15,0,0
BRDA:215,15,1,0
BRDA:262,16,0,0
BRDA:262,16,1,0
BRF:34
BRH:0
end_of_record
TN:
SF:server/db/repositories/script-history.repo.ts
FN:26,(anonymous_0)
FN:48,(anonymous_1)
FN:61,(anonymous_2)
FN:70,(anonymous_3)
FN:84,(anonymous_4)
FNF:5
FNH:0
FNDA:0,(anonymous_0)
FNDA:0,(anonymous_1)
FNDA:0,(anonymous_2)
FNDA:0,(anonymous_3)
FNDA:0,(anonymous_4)
DA:27,0
DA:28,0
DA:29,0
DA:31,0
DA:36,0
DA:38,0
DA:49,0
DA:50,0
DA:55,0
DA:62,0
DA:63,0
DA:64,0
DA:71,0
DA:72,0
DA:77,0
DA:78,0
DA:85,0
DA:86,0
DA:87,0
DA:91,1
LF:20
LH:1
BRDA:78,0,0,0
BRDA:78,0,1,0
BRF:2
BRH:0
end_of_record
TN:
SF:server/db/repositories/script.repo.ts
FN:8,cleanControlChars
FN:51,(anonymous_1)
FN:56,(anonymous_2)
FN:61,(anonymous_3)
FN:66,(anonymous_4)
FN:74,(anonymous_5)
FN:102,(anonymous_6)
FN:116,(anonymous_7)
FN:121,(anonymous_8)
FN:123,(anonymous_9)
FNF:10
FNH:0
FNDA:0,cleanControlChars
FNDA:0,(anonymous_1)
FNDA:0,(anonymous_2)
FNDA:0,(anonymous_3)
FNDA:0,(anonymous_4)
FNDA:0,(anonymous_5)
FNDA:0,(anonymous_6)
FNDA:0,(anonymous_7)
FNDA:0,(anonymous_8)
FNDA:0,(anonymous_9)
DA:9,0
DA:50,1
DA:52,0
DA:53,0
DA:57,0
DA:58,0
DA:62,0
DA:63,0
DA:67,0
DA:68,0
DA:69,0
DA:71,0
DA:72,0
DA:74,0
DA:82,0
DA:91,0
DA:95,0
DA:103,0
DA:104,0
DA:105,0
DA:106,0
DA:107,0
DA:117,0
DA:118,0
DA:122,0
DA:123,0
DA:124,0
LF:27
LH:1
BRDA:71,0,0,0
BRDA:71,0,1,0
BRDA:71,0,2,0
BRDA:72,1,0,0
BRDA:72,1,1,0
BRDA:74,2,0,0
BRDA:74,2,1,0
BRDA:76,3,0,0
BRDA:76,3,1,0
BRDA:77,4,0,0
BRDA:77,4,1,0
BRDA:78,5,0,0
BRDA:78,5,1,0
BRDA:79,6,0,0
BRDA:79,6,1,0
BRDA:84,7,0,0
BRDA:84,7,1,0
BRDA:85,8,0,0
BRDA:85,8,1,0
BRDA:86,9,0,0
BRDA:86,9,1,0
BRDA:88,10,0,0
BRDA:88,10,1,0
BRDA:106,11,0,0
BRDA:106,11,1,0
BRDA:109,12,0,0
BRDA:109,12,1,0
BRDA:110,13,0,0
BRDA:110,13,1,0
BRDA:111,14,0,0
BRDA:111,14,1,0
BRF:31
BRH:0
end_of_record
TN:
SF:server/db/repositories/session.repo.ts
FN:25,(anonymous_0)
FN:62,(anonymous_1)
FN:69,(anonymous_2)
FN:76,(anonymous_3)
FN:83,(anonymous_4)
FN:93,(anonymous_5)
FN:102,(anonymous_6)
FN:109,(anonymous_7)
FN:116,(anonymous_8)
FN:124,(anonymous_9)
FNF:10
FNH:1
FNDA:2,(anonymous_0)
FNDA:0,(anonymous_1)
FNDA:0,(anonymous_2)
FNDA:0,(anonymous_3)
FNDA:0,(anonymous_4)
FNDA:0,(anonymous_5)
FNDA:0,(anonymous_6)
FNDA:0,(anonymous_7)
FNDA:0,(anonymous_8)
FNDA:0,(anonymous_9)
DA:24,1
DA:26,2
DA:27,2
DA:28,2
DA:30,2
DA:41,2
DA:48,2
DA:59,2
DA:63,0
DA:64,0
DA:65,0
DA:66,0
DA:70,0
DA:71,0
DA:72,0
DA:73,0
DA:77,0
DA:78,0
DA:79,0
DA:80,0
DA:84,0
DA:85,0
DA:90,0
DA:94,0
DA:95,0
DA:98,0
DA:99,0
DA:103,0
DA:104,0
DA:105,0
DA:106,0
DA:110,0
DA:111,0
DA:112,0
DA:113,0
DA:117,0
DA:118,0
DA:119,0
DA:120,0
DA:121,0
DA:125,0
LF:41
LH:8
BRDA:52,0,0,2
BRDA:52,0,1,0
BRDA:53,1,0,2
BRDA:53,1,1,0
BRDA:54,2,0,2
BRDA:54,2,1,2
BRDA:66,3,0,0
BRDA:66,3,1,0
BRDA:73,4,0,0
BRDA:73,4,1,0
BRDA:80,5,0,0
BRDA:80,5,1,0
BRF:12
BRH:4
end_of_record
TN:
SF:server/db/repositories/template.repo.ts
FN:53,(anonymous_0)
FN:85,(anonymous_1)
FN:93,(anonymous_2)
FN:150,(anonymous_3)
FN:157,(anonymous_4)
FN:164,(anonymous_5)
FN:217,(anonymous_6)
FN:230,(anonymous_7)
FN:239,(anonymous_8)
FN:274,(anonymous_9)
FN:284,(anonymous_10)
FNF:11
FNH:0
FNDA:0,(anonymous_0)
FNDA:0,(anonymous_1)
FNDA:0,(anonymous_2)
FNDA:0,(anonymous_3)
FNDA:0,(anonymous_4)
FNDA:0,(anonymous_5)
FNDA:0,(anonymous_6)
FNDA:0,(anonymous_7)
FNDA:0,(anonymous_8)
FNDA:0,(anonymous_9)
FNDA:0,(anonymous_10)
DA:4,1
DA:6,1
DA:7,1
DA:8,1
DA:9,1
DA:54,0
DA:55,0
DA:57,0
DA:64,0
DA:79,0
DA:86,0
DA:87,0
DA:101,0
DA:102,0
DA:105,0
DA:106,0
DA:107,0
DA:109,0
DA:110,0
DA:114,0
DA:115,0
DA:116,0
DA:119,0
DA:120,0
DA:121,0
DA:124,0
DA:125,0
DA:126,0
DA:127,0
DA:131,0
DA:133,0
DA:134,0
DA:135,0
DA:137,0
DA:138,0
DA:139,0
DA:143,0
DA:144,0
DA:151,0
DA:158,0
DA:165,0
DA:166,0
DA:167,0
DA:169,0
DA:170,0
DA:171,0
DA:174,0
DA:175,0
DA:176,0
DA:179,0
DA:180,0
DA:181,0
DA:184,0
DA:185,0
DA:186,0
DA:189,0
DA:190,0
DA:191,0
DA:194,0
DA:195,0
DA:196,0
DA:199,0
DA:200,0
DA:203,0
DA:204,0
DA:205,0
DA:207,0
DA:208,0
DA:209,0
DA:211,0
DA:218,0
DA:223,0
DA:224,0
DA:231,0
DA:232,0
DA:233,0
DA:244,0
DA:245,0
DA:247,0
DA:248,0
DA:249,0
DA:251,0
DA:252,0
DA:256,0
DA:257,0
DA:258,0
DA:261,0
DA:262,0
DA:263,0
DA:266,0
DA:267,0
DA:268,0
DA:275,0
DA:285,0
DA:286,0
DA:287,0
DA:291,1
LF:97
LH:6
BRDA:67,0,0,0
BRDA:67,0,1,0
BRDA:68,1,0,0
BRDA:68,1,1,0
BRDA:69,2,0,0
BRDA:69,2,1,0
BRDA:71,3,0,0
BRDA:71,3,1,0
BRDA:72,4,0,0
BRDA:72,4,1,0
BRDA:73,5,0,0
BRDA:73,5,1,0
BRDA:74,6,0,0
BRDA:74,6,1,0
BRDA:105,7,0,0
BRDA:105,7,1,0
BRDA:106,8,0,0
BRDA:106,8,1,0
BRDA:114,9,0,0
BRDA:114,9,1,0
BRDA:119,10,0,0
BRDA:119,10,1,0
BRDA:124,11,0,0
BRDA:124,11,1,0
BRDA:133,12,0,0
BRDA:133,12,1,0
BRDA:137,13,0,0
BRDA:137,13,1,0
BRDA:169,14,0,0
BRDA:169,14,1,0
BRDA:174,15,0,0
BRDA:174,15,1,0
BRDA:176,16,0,0
BRDA:176,16,1,0
BRDA:179,17,0,0
BRDA:179,17,1,0
BRDA:184,18,0,0
BRDA:184,18,1,0
BRDA:189,19,0,0
BRDA:189,19,1,0
BRDA:194,20,0,0
BRDA:194,20,1,0
BRDA:199,21,0,0
BRDA:199,21,1,0
BRDA:247,22,0,0
BRDA:247,22,1,0
BRDA:248,23,0,0
BRDA:248,23,1,0
BRDA:256,24,0,0
BRDA:256,24,1,0
BRDA:261,25,0,0
BRDA:261,25,1,0
BRDA:274,26,0,0
BRF:53
BRH:0
end_of_record
TN:
SF:server/db/repositories/testSession.repo.ts
FN:39,(anonymous_0)
FN:81,(anonymous_1)
FN:86,(anonymous_2)
FN:91,(anonymous_3)
FN:121,(anonymous_4)
FN:130,(anonymous_5)
FN:164,(anonymous_6)
FN:170,(anonymous_7)
FN:201,(anonymous_8)
FN:207,(anonymous_9)
FN:225,(anonymous_10)
FN:231,(anonymous_11)
FN:243,(anonymous_12)
FN:253,(anonymous_13)
FN:256,(anonymous_14)
FN:257,(anonymous_15)
FN:259,(anonymous_16)
FN:283,(anonymous_17)
FN:313,(anonymous_18)
FN:327,(anonymous_19)
FN:328,(anonymous_20)
FN:329,(anonymous_21)
FN:329,(anonymous_22)
FN:330,(anonymous_23)
FN:331,(anonymous_24)
FN:332,(anonymous_25)
FN:343,(anonymous_26)
FN:350,(anonymous_27)
FN:363,(anonymous_28)
FN:368,(anonymous_29)
FN:368,(anonymous_30)
FN:369,(anonymous_31)
FN:371,(anonymous_32)
FN:380,(anonymous_33)
FN:384,(anonymous_34)
FN:391,(anonymous_35)
FN:403,(anonymous_36)
FNF:37
FNH:0
FNDA:0,(anonymous_0)
FNDA:0,(anonymous_1)
FNDA:0,(anonymous_2)
FNDA:0,(anonymous_3)
FNDA:0,(anonymous_4)
FNDA:0,(anonymous_5)
FNDA:0,(anonymous_6)
FNDA:0,(anonymous_7)
FNDA:0,(anonymous_8)
FNDA:0,(anonymous_9)
FNDA:0,(anonymous_10)
FNDA:0,(anonymous_11)
FNDA:0,(anonymous_12)
FNDA:0,(anonymous_13)
FNDA:0,(anonymous_14)
FNDA:0,(anonymous_15)
FNDA:0,(anonymous_16)
FNDA:0,(anonymous_17)
FNDA:0,(anonymous_18)
FNDA:0,(anonymous_19)
FNDA:0,(anonymous_20)
FNDA:0,(anonymous_21)
FNDA:0,(anonymous_22)
FNDA:0,(anonymous_23)
FNDA:0,(anonymous_24)
FNDA:0,(anonymous_25)
FNDA:0,(anonymous_26)
FNDA:0,(anonymous_27)
FNDA:0,(anonymous_28)
FNDA:0,(anonymous_29)
FNDA:0,(anonymous_30)
FNDA:0,(anonymous_31)
FNDA:0,(anonymous_32)
FNDA:0,(anonymous_33)
FNDA:0,(anonymous_34)
FNDA:0,(anonymous_35)
FNDA:0,(anonymous_36)
DA:2,1
DA:45,0
DA:46,0
DA:47,0
DA:61,0
DA:78,0
DA:82,0
DA:83,0
DA:87,0
DA:88,0
DA:96,0
DA:97,0
DA:98,0
DA:99,0
DA:101,0
DA:102,0
DA:103,0
DA:105,0
DA:106,0
DA:107,0
DA:109,0
DA:110,0
DA:111,0
DA:114,0
DA:115,0
DA:116,0
DA:118,0
DA:122,0
DA:137,0
DA:138,0
DA:148,0
DA:161,0
DA:165,0
DA:166,0
DA:176,0
DA:177,0
DA:186,0
DA:198,0
DA:202,0
DA:203,0
DA:214,0
DA:215,0
DA:216,0
DA:219,0
DA:220,0
DA:222,0
DA:224,0
DA:225,0
DA:226,0
DA:227,0
DA:231,0
DA:233,0
DA:250,0
DA:252,0
DA:253,0
DA:255,0
DA:256,0
DA:257,0
DA:258,0
DA:259,0
DA:262,0
DA:264,0
DA:273,0
DA:284,0
DA:287,0
DA:288,0
DA:289,0
DA:290,0
DA:291,0
DA:292,0
DA:293,0
DA:295,0
DA:296,0
DA:297,0
DA:299,0
DA:303,0
DA:313,0
DA:327,0
DA:328,0
DA:329,0
DA:330,0
DA:331,0
DA:332,0
DA:335,0
DA:343,0
DA:344,0
DA:346,0
DA:351,0
DA:356,0
DA:361,0
DA:362,0
DA:363,0
DA:364,0
DA:366,0
DA:367,0
DA:368,0
DA:369,0
DA:370,0
DA:371,0
DA:374,0
DA:379,0
DA:380,0
DA:384,0
DA:385,0
DA:391,0
DA:397,0
DA:403,0
DA:408,0
DA:427,1
LF:109
LH:2
BRDA:51,0,0,0
BRDA:51,0,1,0
BRDA:101,1,0,0
BRDA:101,1,1,0
BRDA:105,2,0,0
BRDA:105,2,1,0
BRDA:109,3,0,0
BRDA:109,3,1,0
BRDA:143,4,0,0
BRDA:143,4,1,0
BRDA:144,5,0,0
BRDA:144,5,1,0
BRDA:215,6,0,0
BRDA:215,6,1,0
BRDA:222,7,0,0
BRDA:222,7,1,0
BRDA:226,8,0,0
BRDA:226,8,1,0
BRDA:227,9,0,0
BRDA:227,9,1,0
BRDA:231,10,0,0
BRDA:231,10,1,0
BRDA:258,11,0,0
BRDA:258,11,1,0
BRDA:289,12,0,0
BRDA:289,12,1,0
BRDA:289,13,0,0
BRDA:289,13,1,0
BRDA:291,14,0,0
BRDA:291,14,1,0
BRDA:295,15,0,0
BRDA:295,15,1,0
BRDA:321,16,0,0
BRDA:321,16,1,0
BRDA:330,17,0,0
BRDA:330,17,1,0
BRDA:361,18,0,0
BRDA:361,18,1,0
BRDA:361,19,0,0
BRDA:361,19,1,0
BRDA:364,20,0,0
BRDA:364,20,1,0
BRDA:367,21,0,0
BRDA:367,21,1,0
BRDA:369,22,0,0
BRDA:369,22,1,0
BRDA:370,23,0,0
BRDA:370,23,1,0
BRDA:379,24,0,0
BRDA:379,24,1,0
BRDA:379,25,0,0
BRDA:379,25,1,0
BRDA:385,26,0,0
BRDA:385,26,1,0
BRDA:397,27,0,0
BRDA:397,27,1,0
BRF:56
BRH:0
end_of_record
TN:
SF:server/db/repositories/topic.repo.ts
FN:8,cleanControlChars
FN:52,(anonymous_1)
FN:57,(anonymous_2)
FN:62,(anonymous_3)
FN:67,(anonymous_4)
FN:103,(anonymous_5)
FN:116,(anonymous_6)
FN:121,(anonymous_7)
FN:123,(anonymous_8)
FN:131,(anonymous_9)
FN:142,(anonymous_10)
FN:178,(anonymous_11)
FN:181,(anonymous_12)
FN:184,(anonymous_13)
FN:189,(anonymous_14)
FN:194,(anonymous_15)
FNF:16
FNH:0
FNDA:0,cleanControlChars
FNDA:0,(anonymous_1)
FNDA:0,(anonymous_2)
FNDA:0,(anonymous_3)
FNDA:0,(anonymous_4)
FNDA:0,(anonymous_5)
FNDA:0,(anonymous_6)
FNDA:0,(anonymous_7)
FNDA:0,(anonymous_8)
FNDA:0,(anonymous_9)
FNDA:0,(anonymous_10)
FNDA:0,(anonymous_11)
FNDA:0,(anonymous_12)
FNDA:0,(anonymous_13)
FNDA:0,(anonymous_14)
FNDA:0,(anonymous_15)
DA:9,0
DA:51,1
DA:53,0
DA:54,0
DA:58,0
DA:59,0
DA:63,0
DA:64,0
DA:68,0
DA:69,0
DA:70,0
DA:73,0
DA:74,0
DA:75,0
DA:76,0
DA:77,0
DA:78,0
DA:79,0
DA:80,0
DA:82,0
DA:89,0
DA:91,0
DA:95,0
DA:104,0
DA:105,0
DA:106,0
DA:107,0
DA:108,0
DA:117,0
DA:118,0
DA:122,0
DA:123,0
DA:124,0
DA:132,0
DA:133,0
DA:136,0
DA:142,0
DA:143,0
DA:144,0
DA:145,0
DA:148,0
DA:149,0
DA:150,0
DA:151,0
DA:152,0
DA:153,0
DA:154,0
DA:155,0
DA:157,0
DA:164,0
DA:166,0
DA:167,0
DA:174,0
DA:178,0
DA:182,0
DA:183,0
DA:184,0
DA:185,0
DA:190,0
DA:191,0
DA:192,0
DA:194,0
DA:195,0
DA:197,0
DA:198,0
LF:65
LH:1
BRDA:73,0,0,0
BRDA:73,0,1,0
BRDA:73,0,2,0
BRDA:74,1,0,0
BRDA:74,1,1,0
BRDA:74,1,2,0
BRDA:75,2,0,0
BRDA:75,2,1,0
BRDA:75,2,2,0
BRDA:76,3,0,0
BRDA:76,3,1,0
BRDA:77,4,0,0
BRDA:77,4,1,0
BRDA:78,5,0,0
BRDA:78,5,1,0
BRDA:78,5,2,0
BRDA:79,6,0,0
BRDA:79,6,1,0
BRDA:80,7,0,0
BRDA:80,7,1,0
BRDA:83,8,0,0
BRDA:83,8,1,0
BRDA:84,9,0,0
BRDA:84,9,1,0
BRDA:85,10,0,0
BRDA:85,10,1,0
BRDA:86,11,0,0
BRDA:86,11,1,0
BRDA:87,12,0,0
BRDA:87,12,1,0
BRDA:89,13,0,0
BRDA:89,13,1,0
BRDA:107,14,0,0
BRDA:107,14,1,0
BRDA:110,15,0,0
BRDA:110,15,1,0
BRDA:110,16,0,0
BRDA:110,16,1,0
BRDA:111,17,0,0
BRDA:111,17,1,0
BRDA:148,18,0,0
BRDA:148,18,1,0
BRDA:148,18,2,0
BRDA:149,19,0,0
BRDA:149,19,1,0
BRDA:149,19,2,0
BRDA:150,20,0,0
BRDA:150,20,1,0
BRDA:150,20,2,0
BRDA:151,21,0,0
BRDA:151,21,1,0
BRDA:152,22,0,0
BRDA:152,22,1,0
BRDA:153,23,0,0
BRDA:153,23,1,0
BRDA:153,23,2,0
BRDA:154,24,0,0
BRDA:154,24,1,0
BRDA:155,25,0,0
BRDA:155,25,1,0
BRDA:158,26,0,0
BRDA:158,26,1,0
BRDA:159,27,0,0
BRDA:159,27,1,0
BRDA:160,28,0,0
BRDA:160,28,1,0
BRDA:161,29,0,0
BRDA:161,29,1,0
BRDA:162,30,0,0
BRDA:162,30,1,0
BRDA:164,31,0,0
BRDA:164,31,1,0
BRDA:192,32,0,0
BRDA:192,32,1,0
BRDA:195,33,0,0
BRDA:195,33,1,0
BRDA:195,34,0,0
BRDA:195,34,1,0
BRDA:197,35,0,0
BRDA:197,35,1,0
BRF:80
BRH:0
end_of_record
TN:
SF:server/db/repositories/upload.repo.ts
FN:20,(anonymous_0)
FN:25,(anonymous_1)
FN:30,(anonymous_2)
FN:41,(anonymous_3)
FN:48,(anonymous_4)
FN:53,(anonymous_5)
FNF:6
FNH:0
FNDA:0,(anonymous_0)
FNDA:0,(anonymous_1)
FNDA:0,(anonymous_2)
FNDA:0,(anonymous_3)
FNDA:0,(anonymous_4)
FNDA:0,(anonymous_5)
DA:19,1
DA:21,0
DA:22,0
DA:26,0
DA:27,0
DA:31,0
DA:32,0
DA:33,0
DA:34,0
DA:38,0
DA:42,0
DA:43,0
DA:44,0
DA:49,0
DA:50,0
DA:54,0
DA:55,0
DA:56,0
DA:57,0
LF:19
LH:1
BRDA:45,0,0,0
BRDA:45,0,1,0
BRDA:45,1,0,0
BRDA:45,1,1,0
BRF:4
BRH:0
end_of_record
TN:
SF:server/db/repositories/user.repo.ts
FN:48,(anonymous_0)
FN:89,(anonymous_1)
FN:96,(anonymous_2)
FN:103,(anonymous_3)
FN:119,(anonymous_4)
FN:159,(anonymous_5)
FN:168,(anonymous_6)
FN:176,(anonymous_7)
FNF:8
FNH:5
FNDA:5,(anonymous_0)
FNDA:5,(anonymous_1)
FNDA:10,(anonymous_2)
FNDA:0,(anonymous_3)
FNDA:2,(anonymous_4)
FNDA:0,(anonymous_5)
FNDA:0,(anonymous_6)
FNDA:8,(anonymous_7)
DA:47,1
DA:49,5
DA:50,5
DA:51,5
DA:53,5
DA:66,5
DA:73,5
DA:86,5
DA:90,5
DA:91,5
DA:92,5
DA:93,5
DA:97,10
DA:98,10
DA:99,10
DA:100,10
DA:104,0
DA:105,0
DA:106,0
DA:108,0
DA:109,0
DA:110,0
DA:113,0
DA:115,0
DA:116,0
DA:120,2
DA:121,2
DA:122,2
DA:124,2
DA:125,2
DA:127,2
DA:128,0
DA:129,0
DA:131,2
DA:132,0
DA:133,0
DA:135,2
DA:136,0
DA:137,0
DA:139,2
DA:140,2
DA:141,2
DA:143,2
DA:144,0
DA:145,0
DA:148,2
DA:149,2
DA:151,2
DA:153,2
DA:154,2
DA:156,2
DA:160,0
DA:161,0
DA:164,0
DA:165,0
DA:169,0
DA:170,0
DA:171,0
DA:172,0
DA:177,8
DA:178,8
LF:61
LH:36
BRDA:59,0,0,5
BRDA:59,0,1,5
BRDA:78,1,0,5
BRDA:78,1,1,5
BRDA:93,2,0,5
BRDA:93,2,1,0
BRDA:100,3,0,10
BRDA:100,3,1,6
BRDA:108,4,0,0
BRDA:108,4,1,0
BRDA:122,5,0,0
BRDA:122,5,1,2
BRDA:127,6,0,0
BRDA:127,6,1,2
BRDA:131,7,0,0
BRDA:131,7,1,2
BRDA:133,8,0,0
BRDA:133,8,1,0
BRDA:135,9,0,0
BRDA:135,9,1,2
BRDA:139,10,0,2
BRDA:139,10,1,0
BRDA:143,11,0,0
BRDA:143,11,1,2
BRF:24
BRH:13
end_of_record
TN:
SF:server/middleware/auth.middleware.ts
FN:19,(anonymous_0)
FN:101,(anonymous_1)
FN:120,(anonymous_2)
FNF:3
FNH:1
FNDA:2,(anonymous_0)
FNDA:0,(anonymous_1)
FNDA:0,(anonymous_2)
DA:19,1
DA:20,2
DA:22,2
DA:23,0
DA:24,0
DA:25,0
DA:31,0
DA:32,0
DA:33,0
DA:34,0
DA:35,0
DA:40,2
DA:43,2
DA:44,2
DA:45,2
DA:46,1
DA:51,2
DA:52,0
DA:58,0
DA:59,0
DA:60,0
DA:61,0
DA:62,0
DA:66,2
DA:67,1
DA:71,1
DA:75,1
DA:78,1
DA:79,1
DA:83,1
DA:84,1
DA:86,1
DA:88,0
DA:90,0
DA:101,1
DA:102,0
DA:103,0
DA:105,0
DA:106,0
DA:107,0
DA:110,0
DA:113,0
DA:120,1
DA:121,0
DA:122,0
DA:126,0
DA:129,0
DA:130,0
DA:134,0
DA:137,0
LF:50
LH:20
BRDA:22,0,0,0
BRDA:22,0,1,2
BRDA:24,1,0,0
BRDA:24,1,1,0
BRDA:24,2,0,0
BRDA:24,2,1,0
BRDA:43,3,0,2
BRDA:43,3,1,0
BRDA:45,4,0,1
BRDA:45,4,1,1
BRDA:45,5,0,2
BRDA:45,5,1,1
BRDA:51,6,0,0
BRDA:51,6,1,2
BRDA:51,7,0,2
BRDA:51,7,1,0
BRDA:66,8,0,1
BRDA:66,8,1,1
BRDA:78,9,0,1
BRDA:78,9,1,0
BRDA:105,10,0,0
BRDA:105,10,1,0
BRDA:121,11,0,0
BRDA:121,11,1,0
BRDA:129,12,0,0
BRDA:129,12,1,0
BRF:26
BRH:11
end_of_record
TN:
SF:server/middleware/error.middleware.ts
FN:3,errorMiddleware
FNF:1
FNH:0
FNDA:0,errorMiddleware
DA:9,0
DA:10,0
LF:2
LH:0
BRDA:10,0,0,0
BRDA:10,0,1,0
BRF:2
BRH:0
end_of_record
TN:
SF:server/middleware/errorHandler.ts
FN:9,(anonymous_0)
FN:23,(anonymous_1)
FN:59,notFoundHandler
FNF:3
FNH:0
FNDA:0,(anonymous_0)
FNDA:0,(anonymous_1)
FNDA:0,notFoundHandler
DA:10,0
DA:11,0
DA:12,0
DA:14,0
DA:15,0
DA:23,1
DA:30,0
DA:31,0
DA:32,0
DA:35,0
DA:47,0
DA:60,0
DA:61,0
LF:13
LH:1
BRDA:12,0,0,0
BRDA:30,1,0,0
BRDA:30,1,1,0
BRDA:31,2,0,0
BRDA:31,2,1,0
BRDA:32,3,0,0
BRDA:32,3,1,0
BRF:7
BRH:0
end_of_record
TN:
SF:server/middleware/performanceMonitor.ts
FN:8,performanceMonitor
FN:12,(anonymous_1)
FNF:2
FNH:2
FNDA:19,performanceMonitor
FNDA:19,(anonymous_1)
DA:9,19
DA:12,19
DA:13,19
DA:14,19
DA:15,19
DA:18,19
DA:21,19
DA:23,0
DA:30,19
DA:31,11
DA:38,19
LF:11
LH:10
BRDA:21,0,0,0
BRDA:21,0,1,19
BRDA:21,1,0,19
BRDA:21,1,1,0
BRDA:30,2,0,11
BRDA:30,2,1,8
BRF:6
BRH:4
end_of_record
TN:
SF:server/middleware/permission.middleware.ts
FN:26,(anonymous_0)
FN:27,(anonymous_1)
FN:111,(anonymous_2)
FN:119,(anonymous_3)
FN:127,(anonymous_4)
FNF:5
FNH:2
FNDA:34,(anonymous_0)
FNDA:0,(anonymous_1)
FNDA:2,(anonymous_2)
FNDA:0,(anonymous_3)
FNDA:0,(anonymous_4)
DA:26,1
DA:27,34
DA:28,0
DA:30,0
DA:32,0
DA:34,0
DA:35,0
DA:36,0
DA:37,0
DA:41,0
DA:43,0
DA:44,0
DA:52,0
DA:58,0
DA:59,0
DA:66,0
DA:68,0
DA:69,0
DA:72,0
DA:73,0
DA:74,0
DA:75,0
DA:76,0
DA:79,0
DA:80,0
DA:86,0
DA:95,0
DA:97,0
DA:98,0
DA:111,2
DA:119,1
DA:127,1
LF:32
LH:5
BRDA:26,0,0,34
BRDA:34,1,0,0
BRDA:34,1,1,0
BRDA:43,2,0,0
BRDA:43,2,1,0
BRDA:52,3,0,0
BRDA:52,3,1,0
BRDA:52,3,2,0
BRDA:52,3,3,0
BRDA:52,3,4,0
BRDA:58,4,0,0
BRDA:58,4,1,0
BRDA:68,5,0,0
BRDA:68,5,1,0
BRDA:73,6,0,0
BRDA:73,6,1,0
BRDA:79,7,0,0
BRDA:79,7,1,0
BRDA:100,8,0,0
BRDA:100,8,1,0
BRF:20
BRH:1
end_of_record
TN:
SF:server/middleware/upload.middleware.ts
FN:7,(anonymous_0)
FN:10,(anonymous_1)
FN:39,(anonymous_2)
FN:56,(anonymous_3)
FNF:4
FNH:0
FNDA:0,(anonymous_0)
FNDA:0,(anonymous_1)
FNDA:0,(anonymous_2)
FNDA:0,(anonymous_3)
DA:2,1
DA:6,1
DA:8,0
DA:11,0
DA:12,0
DA:16,1
DA:31,1
DA:36,1
DA:40,0
DA:41,0
DA:42,0
DA:44,0
DA:53,1
DA:57,0
DA:58,0
DA:64,0
DA:66,0
DA:67,0
DA:69,0
LF:19
LH:6
BRDA:41,0,0,0
BRDA:41,0,1,0
BRDA:41,1,0,0
BRDA:41,1,1,0
BRDA:66,2,0,0
BRDA:66,2,1,0
BRDA:66,3,0,0
BRDA:66,3,1,0
BRF:8
BRH:0
end_of_record
TN:
SF:server/routes/approval.route.ts
FN:17,(anonymous_0)
FN:99,(anonymous_1)
FN:126,(anonymous_2)
FN:191,(anonymous_3)
FN:238,(anonymous_4)
FN:273,(anonymous_5)
FN:304,(anonymous_6)
FN:306,(anonymous_7)
FN:328,(anonymous_8)
FN:359,(anonymous_9)
FN:376,(anonymous_10)
FN:430,(anonymous_11)
FN:457,(anonymous_12)
FN:532,(anonymous_13)
FN:542,(anonymous_14)
FN:543,(anonymous_15)
FN:550,(anonymous_16)
FN:568,(anonymous_17)
FN:570,(anonymous_18)
FN:634,(anonymous_19)
FNF:20
FNH:0
FNDA:0,(anonymous_0)
FNDA:0,(anonymous_1)
FNDA:0,(anonymous_2)
FNDA:0,(anonymous_3)
FNDA:0,(anonymous_4)
FNDA:0,(anonymous_5)
FNDA:0,(anonymous_6)
FNDA:0,(anonymous_7)
FNDA:0,(anonymous_8)
FNDA:0,(anonymous_9)
FNDA:0,(anonymous_10)
FNDA:0,(anonymous_11)
FNDA:0,(anonymous_12)
FNDA:0,(anonymous_13)
FNDA:0,(anonymous_14)
FNDA:0,(anonymous_15)
FNDA:0,(anonymous_16)
FNDA:0,(anonymous_17)
FNDA:0,(anonymous_18)
FNDA:0,(anonymous_19)
DA:9,1
DA:17,1
DA:18,0
DA:19,0
DA:20,0
DA:23,0
DA:24,0
DA:28,0
DA:29,0
DA:33,0
DA:34,0
DA:37,0
DA:38,0
DA:39,0
DA:40,0
DA:42,0
DA:43,0
DA:45,0
DA:46,0
DA:50,0
DA:51,0
DA:52,0
DA:53,0
DA:59,0
DA:60,0
DA:64,0
DA:73,0
DA:76,0
DA:88,0
DA:90,0
DA:91,0
DA:99,1
DA:100,0
DA:101,0
DA:102,0
DA:104,0
DA:105,0
DA:109,0
DA:110,0
DA:113,0
DA:115,0
DA:117,0
DA:118,0
DA:126,1
DA:127,0
DA:128,0
DA:129,0
DA:130,0
DA:132,0
DA:133,0
DA:134,0
DA:138,0
DA:139,0
DA:143,0
DA:144,0
DA:145,0
DA:148,0
DA:149,0
DA:150,0
DA:151,0
DA:153,0
DA:154,0
DA:156,0
DA:157,0
DA:163,0
DA:165,0
DA:166,0
DA:170,0
DA:180,0
DA:182,0
DA:183,0
DA:191,1
DA:192,0
DA:193,0
DA:194,0
DA:196,0
DA:197,0
DA:198,0
DA:202,0
DA:203,0
DA:207,0
DA:209,0
DA:210,0
DA:214,0
DA:225,0
DA:227,0
DA:228,0
DA:238,1
DA:239,0
DA:240,0
DA:241,0
DA:244,0
DA:245,0
DA:249,0
DA:250,0
DA:251,0
DA:255,0
DA:256,0
DA:260,0
DA:261,0
DA:265,0
DA:266,0
DA:267,0
DA:268,0
DA:272,0
DA:273,0
DA:274,0
DA:275,0
DA:279,0
DA:287,0
DA:290,0
DA:304,0
DA:305,0
DA:306,0
DA:314,0
DA:317,0
DA:319,0
DA:320,0
DA:328,1
DA:329,0
DA:330,0
DA:331,0
DA:333,0
DA:334,0
DA:338,0
DA:339,0
DA:342,0
DA:348,0
DA:350,0
DA:351,0
DA:359,1
DA:360,0
DA:361,0
DA:363,0
DA:365,0
DA:367,0
DA:368,0
DA:376,1
DA:377,0
DA:378,0
DA:379,0
DA:381,0
DA:382,0
DA:383,0
DA:387,0
DA:388,0
DA:392,0
DA:393,0
DA:395,0
DA:396,0
DA:400,0
DA:402,0
DA:403,0
DA:407,0
DA:417,0
DA:419,0
DA:420,0
DA:430,1
DA:431,0
DA:432,0
DA:433,0
DA:434,0
DA:437,0
DA:438,0
DA:441,0
DA:442,0
DA:446,0
DA:447,0
DA:448,0
DA:452,0
DA:453,0
DA:457,0
DA:458,0
DA:459,0
DA:463,0
DA:464,0
DA:468,0
DA:469,0
DA:470,0
DA:474,0
DA:482,0
DA:485,0
DA:499,0
DA:501,0
DA:503,0
DA:514,0
DA:522,0
DA:531,0
DA:532,0
DA:535,0
DA:537,0
DA:539,0
DA:540,0
DA:542,0
DA:543,0
DA:545,0
DA:548,0
DA:550,0
DA:552,0
DA:554,0
DA:556,0
DA:568,0
DA:569,0
DA:570,0
DA:578,0
DA:581,0
DA:589,0
DA:591,0
DA:602,0
DA:610,0
DA:618,0
DA:625,0
DA:626,0
DA:634,1
DA:635,0
DA:636,0
DA:637,0
DA:639,0
DA:640,0
DA:641,0
DA:645,0
DA:646,0
DA:649,0
DA:651,0
DA:653,0
DA:654,0
LF:226
LH:11
BRDA:23,0,0,0
BRDA:23,0,1,0
BRDA:23,1,0,0
BRDA:23,1,1,0
BRDA:23,1,2,0
BRDA:23,1,3,0
BRDA:28,2,0,0
BRDA:28,2,1,0
BRDA:33,3,0,0
BRDA:33,3,1,0
BRDA:33,4,0,0
BRDA:33,4,1,0
BRDA:39,5,0,0
BRDA:39,5,1,0
BRDA:39,6,0,0
BRDA:39,6,1,0
BRDA:39,6,2,0
BRDA:42,7,0,0
BRDA:42,7,1,0
BRDA:42,8,0,0
BRDA:42,8,1,0
BRDA:45,9,0,0
BRDA:45,9,1,0
BRDA:52,10,0,0
BRDA:52,10,1,0
BRDA:59,11,0,0
BRDA:59,11,1,0
BRDA:104,12,0,0
BRDA:104,12,1,0
BRDA:109,13,0,0
BRDA:109,13,1,0
BRDA:133,14,0,0
BRDA:133,14,1,0
BRDA:138,15,0,0
BRDA:138,15,1,0
BRDA:143,16,0,0
BRDA:143,16,1,0
BRDA:144,17,0,0
BRDA:144,17,1,0
BRDA:144,18,0,0
BRDA:144,18,1,0
BRDA:150,19,0,0
BRDA:150,19,1,0
BRDA:150,20,0,0
BRDA:150,20,1,0
BRDA:150,20,2,0
BRDA:153,21,0,0
BRDA:153,21,1,0
BRDA:153,22,0,0
BRDA:153,22,1,0
BRDA:156,23,0,0
BRDA:156,23,1,0
BRDA:165,24,0,0
BRDA:165,24,1,0
BRDA:197,25,0,0
BRDA:197,25,1,0
BRDA:202,26,0,0
BRDA:202,26,1,0
BRDA:209,27,0,0
BRDA:209,27,1,0
BRDA:244,28,0,0
BRDA:244,28,1,0
BRDA:244,29,0,0
BRDA:244,29,1,0
BRDA:244,29,2,0
BRDA:250,30,0,0
BRDA:250,30,1,0
BRDA:255,31,0,0
BRDA:255,31,1,0
BRDA:260,32,0,0
BRDA:260,32,1,0
BRDA:267,33,0,0
BRDA:267,33,1,0
BRDA:267,34,0,0
BRDA:267,34,1,0
BRDA:274,35,0,0
BRDA:274,35,1,0
BRDA:304,36,0,0
BRDA:304,36,1,0
BRDA:305,37,0,0
BRDA:305,37,1,0
BRDA:333,38,0,0
BRDA:333,38,1,0
BRDA:338,39,0,0
BRDA:338,39,1,0
BRDA:382,40,0,0
BRDA:382,40,1,0
BRDA:387,41,0,0
BRDA:387,41,1,0
BRDA:395,42,0,0
BRDA:395,42,1,0
BRDA:395,43,0,0
BRDA:395,43,1,0
BRDA:402,44,0,0
BRDA:402,44,1,0
BRDA:437,45,0,0
BRDA:437,45,1,0
BRDA:441,46,0,0
BRDA:441,46,1,0
BRDA:447,47,0,0
BRDA:447,47,1,0
BRDA:452,48,0,0
BRDA:452,48,1,0
BRDA:458,49,0,0
BRDA:458,49,1,0
BRDA:463,50,0,0
BRDA:463,50,1,0
BRDA:469,51,0,0
BRDA:469,51,1,0
BRDA:499,52,0,0
BRDA:499,52,1,0
BRDA:537,53,0,0
BRDA:537,53,1,0
BRDA:540,54,0,0
BRDA:540,54,1,0
BRDA:543,55,0,0
BRDA:543,55,1,0
BRDA:548,56,0,0
BRDA:548,56,1,0
BRDA:552,57,0,0
BRDA:552,57,1,0
BRDA:569,58,0,0
BRDA:569,58,1,0
BRDA:640,59,0,0
BRDA:640,59,1,0
BRDA:645,60,0,0
BRDA:645,60,1,0
BRF:127
BRH:0
end_of_record
TN:
SF:server/routes/auth.route.ts
FN:13,(anonymous_0)
FN:52,(anonymous_1)
FN:119,(anonymous_2)
FN:145,(anonymous_3)
FN:189,(anonymous_4)
FNF:5
FNH:3
FNDA:11,(anonymous_0)
FNDA:6,(anonymous_1)
FNDA:0,(anonymous_2)
FNDA:0,(anonymous_3)
FNDA:1,(anonymous_4)
DA:7,1
DA:13,1
DA:14,11
DA:15,11
DA:18,11
DA:19,3
DA:23,3
DA:27,8
DA:29,8
DA:30,3
DA:31,3
DA:34,5
DA:37,5
DA:42,0
DA:43,0
DA:44,0
DA:52,1
DA:53,6
DA:54,6
DA:57,6
DA:58,2
DA:62,2
DA:66,4
DA:67,6
DA:70,6
DA:77,4
DA:78,2
DA:79,2
DA:82,2
DA:85,2
DA:87,2
DA:94,2
DA:103,2
DA:109,0
DA:110,0
DA:111,0
DA:119,1
DA:120,0
DA:121,0
DA:123,0
DA:124,0
DA:128,0
DA:129,0
DA:131,0
DA:133,0
DA:135,0
DA:136,0
DA:137,0
DA:145,1
DA:146,0
DA:147,0
DA:149,0
DA:150,0
DA:154,0
DA:158,0
DA:160,0
DA:161,0
DA:162,0
DA:166,0
DA:168,0
DA:175,0
DA:177,0
DA:179,0
DA:180,0
DA:181,0
DA:189,1
DA:190,1
DA:192,1
DA:193,0
DA:203,0
DA:206,1
DA:207,1
DA:209,1
DA:210,0
DA:211,0
DA:214,1
DA:216,0
DA:217,0
DA:218,0
LF:79
LH:39
BRDA:18,0,0,3
BRDA:18,0,1,8
BRDA:18,1,0,11
BRDA:18,1,1,10
BRDA:18,1,2,9
BRDA:29,2,0,3
BRDA:29,2,1,5
BRDA:43,3,0,0
BRDA:43,3,1,0
BRDA:57,4,0,2
BRDA:57,4,1,4
BRDA:57,5,0,6
BRDA:57,5,1,5
BRDA:66,6,0,4
BRDA:66,6,1,4
BRDA:77,7,0,2
BRDA:77,7,1,2
BRDA:110,8,0,0
BRDA:110,8,1,0
BRDA:123,9,0,0
BRDA:123,9,1,0
BRDA:136,10,0,0
BRDA:136,10,1,0
BRDA:149,11,0,0
BRDA:149,11,1,0
BRDA:160,12,0,0
BRDA:160,12,1,0
BRDA:180,13,0,0
BRDA:180,13,1,0
BRDA:192,14,0,0
BRDA:192,14,1,1
BRDA:192,15,0,1
BRDA:192,15,1,1
BRDA:209,16,0,0
BRDA:209,16,1,1
BRDA:217,17,0,0
BRDA:217,17,1,0
BRF:37
BRH:19
end_of_record
TN:
SF:server/routes/comments.route.ts
FN:23,(anonymous_0)
FN:71,(anonymous_1)
FN:124,(anonymous_2)
FN:150,(anonymous_3)
FN:176,(anonymous_4)
FN:238,(anonymous_5)
FN:345,(anonymous_6)
FN:360,(anonymous_7)
FN:389,(anonymous_8)
FN:416,(anonymous_9)
FN:417,(anonymous_10)
FN:441,(anonymous_11)
FNF:12
FNH:0
FNDA:0,(anonymous_0)
FNDA:0,(anonymous_1)
FNDA:0,(anonymous_2)
FNDA:0,(anonymous_3)
FNDA:0,(anonymous_4)
FNDA:0,(anonymous_5)
FNDA:0,(anonymous_6)
FNDA:0,(anonymous_7)
FNDA:0,(anonymous_8)
FNDA:0,(anonymous_9)
FNDA:0,(anonymous_10)
FNDA:0,(anonymous_11)
DA:12,1
DA:20,1
DA:24,0
DA:34,0
DA:37,0
DA:38,0
DA:45,0
DA:57,0
DA:60,0
DA:61,0
DA:62,0
DA:63,0
DA:65,0
DA:71,0
DA:72,0
DA:73,0
DA:74,0
DA:77,0
DA:78,0
DA:79,0
DA:80,0
DA:81,0
DA:82,0
DA:85,0
DA:86,0
DA:90,0
DA:98,0
DA:106,0
DA:107,0
DA:121,1
DA:125,0
DA:126,0
DA:127,0
DA:129,0
DA:131,0
DA:133,0
DA:134,0
DA:147,1
DA:151,0
DA:152,0
DA:154,0
DA:156,0
DA:158,0
DA:159,0
DA:173,1
DA:177,0
DA:178,0
DA:179,0
DA:182,0
DA:183,0
DA:189,0
DA:190,0
DA:197,0
DA:201,0
DA:202,0
DA:203,0
DA:205,0
DA:206,0
DA:213,0
DA:220,0
DA:221,0
DA:235,1
DA:239,0
DA:240,0
DA:241,0
DA:244,0
DA:245,0
DA:251,0
DA:252,0
DA:258,0
DA:259,0
DA:265,0
DA:266,0
DA:273,0
DA:274,0
DA:275,0
DA:276,0
DA:287,0
DA:288,0
DA:289,0
DA:296,0
DA:297,0
DA:298,0
DA:305,0
DA:307,0
DA:308,0
DA:309,0
DA:310,0
DA:319,0
DA:330,0
DA:331,0
DA:340,0
DA:343,0
DA:345,0
DA:346,0
DA:348,0
DA:349,0
DA:350,0
DA:351,0
DA:355,0
DA:356,0
DA:359,0
DA:361,0
DA:362,0
DA:363,0
DA:372,0
DA:373,0
DA:385,0
DA:388,0
DA:389,0
DA:398,0
DA:399,0
DA:401,0
DA:406,0
DA:414,0
DA:415,0
DA:416,0
DA:417,0
DA:419,0
DA:424,0
DA:425,0
DA:438,1
DA:442,0
DA:443,0
DA:444,0
DA:447,0
DA:448,0
DA:449,0
DA:456,0
DA:457,0
DA:459,0
DA:460,0
DA:467,0
DA:468,0
DA:471,0
DA:472,0
DA:473,0
DA:480,0
DA:489,0
DA:495,0
DA:496,0
LF:141
LH:7
BRDA:37,0,0,0
BRDA:37,0,1,0
BRDA:37,1,0,0
BRDA:37,1,1,0
BRDA:46,2,0,0
BRDA:46,2,1,0
BRDA:47,3,0,0
BRDA:47,3,1,0
BRDA:48,4,0,0
BRDA:48,4,1,0
BRDA:49,5,0,0
BRDA:49,5,1,0
BRDA:50,6,0,0
BRDA:50,6,1,0
BRDA:51,7,0,0
BRDA:51,7,1,0
BRDA:52,8,0,0
BRDA:52,8,1,0
BRDA:53,9,0,0
BRDA:53,9,1,0
BRDA:60,10,0,0
BRDA:60,10,1,0
BRDA:61,11,0,0
BRDA:61,11,1,0
BRDA:61,12,0,0
BRDA:61,12,1,0
BRDA:77,13,0,0
BRDA:77,13,1,0
BRDA:79,14,0,0
BRDA:79,14,1,0
BRDA:82,15,0,0
BRDA:82,15,1,0
BRDA:82,16,0,0
BRDA:82,16,1,0
BRDA:85,17,0,0
BRDA:85,17,1,0
BRDA:109,18,0,0
BRDA:109,18,1,0
BRDA:127,19,0,0
BRDA:127,19,1,0
BRDA:136,20,0,0
BRDA:136,20,1,0
BRDA:161,21,0,0
BRDA:161,21,1,0
BRDA:182,22,0,0
BRDA:182,22,1,0
BRDA:182,23,0,0
BRDA:182,23,1,0
BRDA:189,24,0,0
BRDA:189,24,1,0
BRDA:201,25,0,0
BRDA:201,25,1,0
BRDA:205,26,0,0
BRDA:205,26,1,0
BRDA:223,27,0,0
BRDA:223,27,1,0
BRDA:244,28,0,0
BRDA:244,28,1,0
BRDA:244,29,0,0
BRDA:244,29,1,0
BRDA:244,29,2,0
BRDA:251,30,0,0
BRDA:251,30,1,0
BRDA:258,31,0,0
BRDA:258,31,1,0
BRDA:265,32,0,0
BRDA:265,32,1,0
BRDA:273,33,0,0
BRDA:273,33,1,0
BRDA:275,34,0,0
BRDA:275,34,1,0
BRDA:288,35,0,0
BRDA:288,35,1,0
BRDA:297,36,0,0
BRDA:297,36,1,0
BRDA:305,37,0,0
BRDA:305,37,1,0
BRDA:305,38,0,0
BRDA:305,38,1,0
BRDA:305,38,2,0
BRDA:309,39,0,0
BRDA:309,39,1,0
BRDA:325,40,0,0
BRDA:325,40,1,0
BRDA:326,41,0,0
BRDA:326,41,1,0
BRDA:330,42,0,0
BRDA:330,42,1,0
BRDA:337,43,0,0
BRDA:337,43,1,0
BRDA:343,44,0,0
BRDA:343,44,1,0
BRDA:343,45,0,0
BRDA:343,45,1,0
BRDA:349,46,0,0
BRDA:349,46,1,0
BRDA:362,47,0,0
BRDA:362,47,1,0
BRDA:372,48,0,0
BRDA:372,48,1,0
BRDA:392,49,0,0
BRDA:392,49,1,0
BRDA:416,50,0,0
BRDA:416,50,1,0
BRDA:421,51,0,0
BRDA:421,51,1,0
BRDA:427,52,0,0
BRDA:427,52,1,0
BRDA:448,53,0,0
BRDA:448,53,1,0
BRDA:459,54,0,0
BRDA:459,54,1,0
BRDA:459,55,0,0
BRDA:459,55,1,0
BRDA:472,56,0,0
BRDA:472,56,1,0
BRDA:498,57,0,0
BRDA:498,57,1,0
BRF:118
BRH:0
end_of_record
TN:
SF:server/routes/feedback.route.ts
FN:10,(anonymous_0)
FN:68,(anonymous_1)
FN:109,(anonymous_2)
FN:131,(anonymous_3)
FNF:4
FNH:0
FNDA:0,(anonymous_0)
FNDA:0,(anonymous_1)
FNDA:0,(anonymous_2)
FNDA:0,(anonymous_3)
DA:4,1
DA:10,1
DA:11,0
DA:12,0
DA:15,0
DA:16,0
DA:23,0
DA:24,0
DA:25,0
DA:32,0
DA:33,0
DA:40,0
DA:47,0
DA:56,0
DA:57,0
DA:68,1
DA:69,0
DA:70,0
DA:72,0
DA:74,0
DA:75,0
DA:78,0
DA:79,0
DA:82,0
DA:83,0
DA:86,0
DA:87,0
DA:88,0
DA:90,0
DA:97,0
DA:98,0
DA:109,1
DA:110,0
DA:111,0
DA:112,0
DA:114,0
DA:119,0
DA:120,0
DA:131,1
DA:132,0
DA:133,0
DA:135,0
DA:137,0
DA:138,0
DA:144,0
DA:146,0
DA:147,0
LF:47
LH:5
BRDA:15,0,0,0
BRDA:15,0,1,0
BRDA:15,1,0,0
BRDA:15,1,1,0
BRDA:24,2,0,0
BRDA:24,2,1,0
BRDA:32,3,0,0
BRDA:32,3,1,0
BRDA:43,4,0,0
BRDA:43,4,1,0
BRDA:44,5,0,0
BRDA:44,5,1,0
BRDA:44,5,2,0
BRDA:74,6,0,0
BRDA:74,6,1,0
BRDA:74,7,0,0
BRDA:74,7,1,0
BRDA:78,8,0,0
BRDA:78,8,1,0
BRDA:82,9,0,0
BRDA:82,9,1,0
BRDA:87,10,0,0
BRDA:87,10,1,0
BRDA:93,11,0,0
BRDA:93,11,1,0
BRDA:94,12,0,0
BRDA:94,12,1,0
BRDA:137,13,0,0
BRDA:137,13,1,0
BRF:29
BRH:0
end_of_record
TN:
SF:server/routes/insight.route.ts
FN:13,(anonymous_0)
FN:61,(anonymous_1)
FN:71,(anonymous_2)
FN:81,(anonymous_3)
FN:94,(anonymous_4)
FN:98,(anonymous_5)
FN:112,(anonymous_6)
FN:147,(anonymous_7)
FN:187,(anonymous_8)
FN:204,(anonymous_9)
FN:215,(anonymous_10)
FN:252,(anonymous_11)
FN:286,(anonymous_12)
FNF:13
FNH:0
FNDA:0,(anonymous_0)
FNDA:0,(anonymous_1)
FNDA:0,(anonymous_2)
FNDA:0,(anonymous_3)
FNDA:0,(anonymous_4)
FNDA:0,(anonymous_5)
FNDA:0,(anonymous_6)
FNDA:0,(anonymous_7)
FNDA:0,(anonymous_8)
FNDA:0,(anonymous_9)
FNDA:0,(anonymous_10)
FNDA:0,(anonymous_11)
FNDA:0,(anonymous_12)
DA:10,1
DA:13,1
DA:14,0
DA:15,0
DA:22,0
DA:23,0
DA:24,0
DA:28,0
DA:36,0
DA:46,0
DA:53,0
DA:55,0
DA:56,0
DA:61,1
DA:62,0
DA:63,0
DA:64,0
DA:65,0
DA:67,0
DA:71,1
DA:72,0
DA:73,0
DA:74,0
DA:75,0
DA:77,0
DA:81,1
DA:82,0
DA:83,0
DA:85,0
DA:86,0
DA:87,0
DA:89,0
DA:90,0
DA:94,1
DA:95,0
DA:96,0
DA:97,0
DA:98,0
DA:105,0
DA:107,0
DA:108,0
DA:112,1
DA:113,0
DA:114,0
DA:115,0
DA:118,0
DA:119,0
DA:120,0
DA:121,0
DA:125,0
DA:126,0
DA:127,0
DA:128,0
DA:131,0
DA:132,0
DA:133,0
DA:134,0
DA:135,0
DA:138,0
DA:139,0
DA:141,0
DA:142,0
DA:147,1
DA:148,0
DA:149,0
DA:158,0
DA:159,0
DA:160,0
DA:163,0
DA:164,0
DA:165,0
DA:169,0
DA:170,0
DA:171,0
DA:172,0
DA:173,0
DA:178,0
DA:187,0
DA:197,0
DA:200,0
DA:204,0
DA:207,0
DA:209,0
DA:210,0
DA:215,1
DA:216,0
DA:217,0
DA:218,0
DA:220,0
DA:221,0
DA:222,0
DA:225,0
DA:226,0
DA:227,0
DA:231,0
DA:233,0
DA:234,0
DA:235,0
DA:239,0
DA:242,0
DA:243,0
DA:244,0
DA:252,0
DA:261,0
DA:262,0
DA:265,0
DA:273,0
DA:281,0
DA:282,0
DA:286,1
DA:287,0
DA:288,0
DA:289,0
DA:290,0
DA:291,0
DA:295,0
DA:296,0
DA:297,0
DA:298,0
DA:299,0
DA:302,0
DA:303,0
DA:304,0
DA:305,0
DA:308,0
DA:309,0
DA:310,0
DA:311,0
DA:312,0
DA:316,0
DA:317,0
DA:319,0
DA:320,0
LF:133
LH:10
BRDA:22,0,0,0
BRDA:22,0,1,0
BRDA:22,1,0,0
BRDA:22,1,1,0
BRDA:22,1,2,0
BRDA:37,2,0,0
BRDA:37,2,1,0
BRDA:38,3,0,0
BRDA:38,3,1,0
BRDA:40,4,0,0
BRDA:40,4,1,0
BRDA:50,5,0,0
BRDA:50,5,1,0
BRDA:55,6,0,0
BRDA:55,6,1,0
BRDA:63,7,0,0
BRDA:63,7,1,0
BRDA:73,8,0,0
BRDA:73,8,1,0
BRDA:89,9,0,0
BRDA:89,9,1,0
BRDA:101,10,0,0
BRDA:101,10,1,0
BRDA:107,11,0,0
BRDA:107,11,1,0
BRDA:119,12,0,0
BRDA:119,12,1,0
BRDA:126,13,0,0
BRDA:126,13,1,0
BRDA:133,14,0,0
BRDA:133,14,1,0
BRDA:141,15,0,0
BRDA:141,15,1,0
BRDA:158,16,0,0
BRDA:158,16,1,0
BRDA:163,17,0,0
BRDA:163,17,1,0
BRDA:163,18,0,0
BRDA:163,18,1,0
BRDA:163,18,2,0
BRDA:171,19,0,0
BRDA:171,19,1,0
BRDA:171,20,0,0
BRDA:171,20,1,0
BRDA:188,21,0,0
BRDA:188,21,1,0
BRDA:189,22,0,0
BRDA:189,22,1,0
BRDA:191,23,0,0
BRDA:191,23,1,0
BRDA:209,24,0,0
BRDA:209,24,1,0
BRDA:220,25,0,0
BRDA:220,25,1,0
BRDA:225,26,0,0
BRDA:225,26,1,0
BRDA:233,27,0,0
BRDA:233,27,1,0
BRDA:233,28,0,0
BRDA:233,28,1,0
BRDA:243,29,0,0
BRDA:243,29,1,0
BRDA:253,30,0,0
BRDA:253,30,1,0
BRDA:254,31,0,0
BRDA:254,31,1,0
BRDA:256,32,0,0
BRDA:256,32,1,0
BRDA:278,33,0,0
BRDA:278,33,1,0
BRDA:281,34,0,0
BRDA:281,34,1,0
BRDA:289,35,0,0
BRDA:289,35,1,0
BRDA:289,36,0,0
BRDA:289,36,1,0
BRDA:289,36,2,0
BRDA:295,37,0,0
BRDA:295,37,1,0
BRDA:297,38,0,0
BRDA:297,38,1,0
BRDA:303,39,0,0
BRDA:303,39,1,0
BRDA:310,40,0,0
BRDA:310,40,1,0
BRDA:319,41,0,0
BRDA:319,41,1,0
BRF:87
BRH:0
end_of_record
TN:
SF:server/routes/kb.route.ts
FN:8,(anonymous_0)
FN:45,(anonymous_1)
FN:53,(anonymous_2)
FN:94,(anonymous_3)
FN:138,(anonymous_4)
FNF:5
FNH:0
FNDA:0,(anonymous_0)
FNDA:0,(anonymous_1)
FNDA:0,(anonymous_2)
FNDA:0,(anonymous_3)
FNDA:0,(anonymous_4)
DA:6,1
DA:8,1
DA:9,0
DA:10,0
DA:11,0
DA:12,0
DA:15,0
DA:16,0
DA:17,0
DA:21,0
DA:22,0
DA:25,0
DA:26,0
DA:27,0
DA:28,0
DA:31,0
DA:32,0
DA:33,0
DA:34,0
DA:35,0
DA:39,0
DA:40,0
DA:42,0
DA:45,0
DA:46,0
DA:48,0
DA:49,0
DA:53,1
DA:54,0
DA:55,0
DA:63,0
DA:64,0
DA:65,0
DA:69,0
DA:70,0
DA:71,0
DA:72,0
DA:73,0
DA:76,0
DA:77,0
DA:78,0
DA:79,0
DA:80,0
DA:82,0
DA:83,0
DA:86,0
DA:87,0
DA:89,0
DA:90,0
DA:94,1
DA:95,0
DA:96,0
DA:102,0
DA:103,0
DA:104,0
DA:108,0
DA:109,0
DA:110,0
DA:111,0
DA:112,0
DA:115,0
DA:116,0
DA:119,0
DA:120,0
DA:121,0
DA:122,0
DA:123,0
DA:126,0
DA:127,0
DA:130,0
DA:131,0
DA:133,0
DA:134,0
DA:138,1
DA:139,0
DA:140,0
DA:143,0
DA:144,0
DA:145,0
DA:146,0
DA:150,0
DA:151,0
DA:152,0
DA:153,0
DA:154,0
DA:157,0
DA:158,0
DA:159,0
DA:160,0
DA:161,0
DA:163,0
DA:164,0
DA:167,0
DA:168,0
DA:170,0
DA:171,0
LF:96
LH:5
BRDA:15,0,0,0
BRDA:15,0,1,0
BRDA:21,1,0,0
BRDA:21,1,1,0
BRDA:26,2,0,0
BRDA:26,2,1,0
BRDA:33,3,0,0
BRDA:33,3,1,0
BRDA:39,4,0,0
BRDA:39,4,1,0
BRDA:48,5,0,0
BRDA:48,5,1,0
BRDA:55,6,0,0
BRDA:63,7,0,0
BRDA:63,7,1,0
BRDA:63,8,0,0
BRDA:63,8,1,0
BRDA:63,8,2,0
BRDA:69,9,0,0
BRDA:69,9,1,0
BRDA:69,10,0,0
BRDA:69,10,1,0
BRDA:71,11,0,0
BRDA:71,11,1,0
BRDA:78,12,0,0
BRDA:78,12,1,0
BRDA:82,13,0,0
BRDA:82,13,1,0
BRDA:86,14,0,0
BRDA:86,14,1,0
BRDA:89,15,0,0
BRDA:89,15,1,0
BRDA:96,16,0,0
BRDA:102,17,0,0
BRDA:102,17,1,0
BRDA:102,18,0,0
BRDA:102,18,1,0
BRDA:108,19,0,0
BRDA:108,19,1,0
BRDA:108,20,0,0
BRDA:108,20,1,0
BRDA:110,21,0,0
BRDA:110,21,1,0
BRDA:119,22,0,0
BRDA:119,22,1,0
BRDA:121,23,0,0
BRDA:121,23,1,0
BRDA:126,24,0,0
BRDA:126,24,1,0
BRDA:133,25,0,0
BRDA:133,25,1,0
BRDA:144,26,0,0
BRDA:144,26,1,0
BRDA:150,27,0,0
BRDA:150,27,1,0
BRDA:150,28,0,0
BRDA:150,28,1,0
BRDA:152,29,0,0
BRDA:152,29,1,0
BRDA:159,30,0,0
BRDA:159,30,1,0
BRDA:163,31,0,0
BRDA:163,31,1,0
BRDA:170,32,0,0
BRDA:170,32,1,0
BRF:65
BRH:0
end_of_record
TN:
SF:server/routes/notification-settings.route.ts
FN:15,(anonymous_0)
FN:40,(anonymous_1)
FNF:2
FNH:0
FNDA:0,(anonymous_0)
FNDA:0,(anonymous_1)
DA:6,1
DA:12,1
DA:16,0
DA:17,0
DA:20,0
DA:22,0
DA:24,0
DA:25,0
DA:37,1
DA:41,0
DA:42,0
DA:55,0
DA:58,0
DA:59,0
DA:66,0
DA:80,0
DA:81,0
DA:88,0
DA:90,0
DA:95,0
DA:96,0
LF:21
LH:3
BRDA:27,0,0,0
BRDA:27,0,1,0
BRDA:58,1,0,0
BRDA:58,1,1,0
BRDA:58,2,0,0
BRDA:58,2,1,0
BRDA:80,3,0,0
BRDA:80,3,1,0
BRDA:98,4,0,0
BRDA:98,4,1,0
BRF:10
BRH:0
end_of_record
TN:
SF:server/routes/notification.route.ts
FN:13,(anonymous_0)
FN:39,(anonymous_1)
FN:68,(anonymous_2)
FN:85,(anonymous_3)
FN:92,(anonymous_4)
FN:121,(anonymous_5)
FN:142,(anonymous_6)
FN:153,(anonymous_7)
FN:153,(anonymous_8)
FN:176,(anonymous_9)
FN:183,(anonymous_10)
FN:212,(anonymous_11)
FN:233,(anonymous_12)
FN:244,(anonymous_13)
FN:244,(anonymous_14)
FNF:15
FNH:0
FNDA:0,(anonymous_0)
FNDA:0,(anonymous_1)
FNDA:0,(anonymous_2)
FNDA:0,(anonymous_3)
FNDA:0,(anonymous_4)
FNDA:0,(anonymous_5)
FNDA:0,(anonymous_6)
FNDA:0,(anonymous_7)
FNDA:0,(anonymous_8)
FNDA:0,(anonymous_9)
FNDA:0,(anonymous_10)
FNDA:0,(anonymous_11)
FNDA:0,(anonymous_12)
FNDA:0,(anonymous_13)
FNDA:0,(anonymous_14)
DA:7,1
DA:13,1
DA:14,0
DA:15,0
DA:16,0
DA:18,0
DA:20,0
DA:21,0
DA:24,0
DA:25,0
DA:28,0
DA:29,0
DA:32,0
DA:33,0
DA:36,0
DA:39,0
DA:41,0
DA:42,0
DA:43,0
DA:44,0
DA:54,0
DA:57,0
DA:59,0
DA:60,0
DA:68,1
DA:69,0
DA:70,0
DA:72,0
DA:74,0
DA:76,0
DA:77,0
DA:85,1
DA:86,0
DA:87,0
DA:88,0
DA:91,0
DA:92,0
DA:94,0
DA:95,0
DA:99,0
DA:100,0
DA:104,0
DA:106,0
DA:107,0
DA:110,0
DA:112,0
DA:113,0
DA:121,1
DA:122,0
DA:123,0
DA:125,0
DA:127,0
DA:128,0
DA:131,0
DA:133,0
DA:134,0
DA:142,1
DA:143,0
DA:144,0
DA:145,0
DA:147,0
DA:148,0
DA:152,0
DA:153,0
DA:155,0
DA:156,0
DA:159,0
DA:161,0
DA:162,0
DA:165,0
DA:167,0
DA:168,0
DA:176,1
DA:177,0
DA:178,0
DA:179,0
DA:182,0
DA:183,0
DA:185,0
DA:186,0
DA:190,0
DA:191,0
DA:195,0
DA:197,0
DA:198,0
DA:201,0
DA:203,0
DA:204,0
DA:212,1
DA:213,0
DA:214,0
DA:216,0
DA:218,0
DA:219,0
DA:222,0
DA:224,0
DA:225,0
DA:233,1
DA:234,0
DA:235,0
DA:236,0
DA:238,0
DA:239,0
DA:243,0
DA:244,0
DA:246,0
DA:247,0
DA:250,0
DA:252,0
DA:253,0
DA:256,0
DA:258,0
DA:259,0
LF:113
LH:9
BRDA:20,0,0,0
BRDA:20,0,1,0
BRDA:24,1,0,0
BRDA:24,1,1,0
BRDA:28,2,0,0
BRDA:28,2,1,0
BRDA:32,3,0,0
BRDA:32,3,1,0
BRDA:41,4,0,0
BRDA:41,4,1,0
BRDA:41,5,0,0
BRDA:41,5,1,0
BRDA:43,6,0,0
BRDA:43,6,1,0
BRDA:94,7,0,0
BRDA:94,7,1,0
BRDA:99,8,0,0
BRDA:99,8,1,0
BRDA:106,9,0,0
BRDA:106,9,1,0
BRDA:127,10,0,0
BRDA:127,10,1,0
BRDA:147,11,0,0
BRDA:147,11,1,0
BRDA:147,12,0,0
BRDA:147,12,1,0
BRDA:155,13,0,0
BRDA:155,13,1,0
BRDA:161,14,0,0
BRDA:161,14,1,0
BRDA:185,15,0,0
BRDA:185,15,1,0
BRDA:190,16,0,0
BRDA:190,16,1,0
BRDA:197,17,0,0
BRDA:197,17,1,0
BRDA:218,18,0,0
BRDA:218,18,1,0
BRDA:238,19,0,0
BRDA:238,19,1,0
BRDA:238,20,0,0
BRDA:238,20,1,0
BRDA:246,21,0,0
BRDA:246,21,1,0
BRDA:252,22,0,0
BRDA:252,22,1,0
BRF:46
BRH:0
end_of_record
TN:
SF:server/routes/product.route.ts
FN:13,(anonymous_0)
FN:29,(anonymous_1)
FN:100,(anonymous_2)
FN:162,(anonymous_3)
FNF:4
FNH:0
FNDA:0,(anonymous_0)
FNDA:0,(anonymous_1)
FNDA:0,(anonymous_2)
FNDA:0,(anonymous_3)
DA:7,1
DA:13,1
DA:14,0
DA:15,0
DA:16,0
DA:17,0
DA:19,0
DA:20,0
DA:29,1
DA:30,0
DA:31,0
DA:41,0
DA:42,0
DA:43,0
DA:47,0
DA:48,0
DA:49,0
DA:53,0
DA:54,0
DA:55,0
DA:56,0
DA:59,0
DA:60,0
DA:61,0
DA:62,0
DA:63,0
DA:67,0
DA:68,0
DA:69,0
DA:73,0
DA:82,0
DA:85,0
DA:86,0
DA:88,0
DA:90,0
DA:91,0
DA:100,1
DA:101,0
DA:102,0
DA:103,0
DA:111,0
DA:112,0
DA:113,0
DA:114,0
DA:118,0
DA:119,0
DA:120,0
DA:121,0
DA:124,0
DA:125,0
DA:126,0
DA:127,0
DA:128,0
DA:132,0
DA:133,0
DA:134,0
DA:135,0
DA:140,0
DA:141,0
DA:142,0
DA:143,0
DA:144,0
DA:146,0
DA:149,0
DA:151,0
DA:153,0
DA:154,0
DA:162,1
DA:163,0
DA:164,0
DA:167,0
DA:168,0
DA:169,0
DA:170,0
DA:174,0
DA:175,0
DA:176,0
DA:177,0
DA:180,0
DA:181,0
DA:182,0
DA:183,0
DA:184,0
DA:188,0
DA:190,0
DA:191,0
DA:192,0
DA:196,0
DA:198,0
DA:200,0
DA:201,0
LF:91
LH:5
BRDA:19,0,0,0
BRDA:19,0,1,0
BRDA:41,1,0,0
BRDA:41,1,1,0
BRDA:41,2,0,0
BRDA:41,2,1,0
BRDA:41,2,2,0
BRDA:47,3,0,0
BRDA:47,3,1,0
BRDA:47,4,0,0
BRDA:47,4,1,0
BRDA:54,5,0,0
BRDA:54,5,1,0
BRDA:61,6,0,0
BRDA:61,6,1,0
BRDA:67,7,0,0
BRDA:67,7,1,0
BRDA:79,8,0,0
BRDA:79,8,1,0
BRDA:85,9,0,0
BRDA:85,9,1,0
BRDA:90,10,0,0
BRDA:90,10,1,0
BRDA:112,11,0,0
BRDA:112,11,1,0
BRDA:119,12,0,0
BRDA:119,12,1,0
BRDA:126,13,0,0
BRDA:126,13,1,0
BRDA:132,14,0,0
BRDA:132,14,1,0
BRDA:132,15,0,0
BRDA:132,15,1,0
BRDA:133,16,0,0
BRDA:133,16,1,0
BRDA:141,17,0,0
BRDA:141,17,1,0
BRDA:142,18,0,0
BRDA:142,18,1,0
BRDA:143,19,0,0
BRDA:143,19,1,0
BRDA:144,20,0,0
BRDA:144,20,1,0
BRDA:149,21,0,0
BRDA:149,21,1,0
BRDA:153,22,0,0
BRDA:153,22,1,0
BRDA:168,23,0,0
BRDA:168,23,1,0
BRDA:175,24,0,0
BRDA:175,24,1,0
BRDA:182,25,0,0
BRDA:182,25,1,0
BRDA:190,26,0,0
BRDA:190,26,1,0
BRDA:200,27,0,0
BRDA:200,27,1,0
BRF:57
BRH:0
end_of_record
TN:
SF:server/routes/project-assets.route.ts
FN:26,(anonymous_0)
FN:43,(anonymous_1)
FN:98,(anonymous_2)
FN:139,(anonymous_3)
FNF:4
FNH:0
FNDA:0,(anonymous_0)
FNDA:0,(anonymous_1)
FNDA:0,(anonymous_2)
FNDA:0,(anonymous_3)
DA:7,1
DA:9,1
DA:10,1
DA:14,1
DA:15,1
DA:16,1
DA:17,0
DA:18,0
DA:20,1
DA:24,1
DA:27,0
DA:28,0
DA:29,0
DA:31,0
DA:43,1
DA:44,0
DA:45,0
DA:46,0
DA:48,0
DA:49,0
DA:50,0
DA:54,0
DA:55,0
DA:56,0
DA:57,0
DA:61,0
DA:62,0
DA:63,0
DA:64,0
DA:69,0
DA:70,0
DA:71,0
DA:72,0
DA:75,0
DA:78,0
DA:81,0
DA:83,0
DA:89,0
DA:90,0
DA:98,1
DA:99,0
DA:100,0
DA:102,0
DA:103,0
DA:104,0
DA:105,0
DA:108,0
DA:109,0
DA:110,0
DA:114,0
DA:115,0
DA:116,0
DA:120,0
DA:123,0
DA:125,0
DA:130,0
DA:131,0
DA:139,1
DA:140,0
DA:141,0
DA:147,0
DA:154,0
DA:155,0
DA:156,0
DA:157,0
DA:161,0
DA:162,0
DA:163,0
DA:164,0
DA:166,0
DA:167,0
DA:168,0
DA:172,0
DA:180,0
DA:181,0
DA:182,0
DA:184,0
DA:185,0
DA:187,0
DA:188,0
DA:190,0
DA:196,0
DA:197,0
LF:83
LH:11
BRDA:16,0,0,0
BRDA:16,0,1,1
BRDA:28,1,0,0
BRDA:28,1,1,0
BRDA:48,2,0,0
BRDA:48,2,1,0
BRDA:48,3,0,0
BRDA:48,3,1,0
BRDA:55,4,0,0
BRDA:55,4,1,0
BRDA:61,5,0,0
BRDA:61,5,1,0
BRDA:63,6,0,0
BRDA:63,6,1,0
BRDA:89,7,0,0
BRDA:89,7,1,0
BRDA:103,8,0,0
BRDA:103,8,1,0
BRDA:108,9,0,0
BRDA:108,9,1,0
BRDA:115,10,0,0
BRDA:115,10,1,0
BRDA:130,11,0,0
BRDA:130,11,1,0
BRDA:155,12,0,0
BRDA:155,12,1,0
BRDA:162,13,0,0
BRDA:162,13,1,0
BRDA:162,14,0,0
BRDA:162,14,1,0
BRDA:166,15,0,0
BRDA:166,15,1,0
BRDA:166,16,0,0
BRDA:166,16,1,0
BRDA:181,17,0,0
BRDA:181,17,1,0
BRDA:181,18,0,0
BRDA:181,18,1,0
BRDA:184,19,0,0
BRDA:184,19,1,0
BRDA:184,20,0,0
BRDA:184,20,1,0
BRDA:187,21,0,0
BRDA:187,21,1,0
BRDA:196,22,0,0
BRDA:196,22,1,0
BRF:46
BRH:1
end_of_record
TN:
SF:server/routes/project-members.route.ts
FN:20,(anonymous_0)
FN:55,(anonymous_1)
FN:146,(anonymous_2)
FN:230,(anonymous_3)
FN:310,(anonymous_4)
FN:328,(anonymous_5)
FN:359,(anonymous_6)
FN:403,(anonymous_7)
FN:498,(anonymous_8)
FNF:9
FNH:0
FNDA:0,(anonymous_0)
FNDA:0,(anonymous_1)
FNDA:0,(anonymous_2)
FNDA:0,(anonymous_3)
FNDA:0,(anonymous_4)
FNDA:0,(anonymous_5)
FNDA:0,(anonymous_6)
FNDA:0,(anonymous_7)
FNDA:0,(anonymous_8)
DA:9,1
DA:16,1
DA:21,0
DA:22,0
DA:23,0
DA:25,0
DA:31,0
DA:32,0
DA:51,1
DA:56,0
DA:57,0
DA:58,0
DA:59,0
DA:62,0
DA:63,0
DA:69,0
DA:70,0
DA:77,0
DA:78,0
DA:79,0
DA:86,0
DA:87,0
DA:88,0
DA:95,0
DA:103,0
DA:111,0
DA:124,0
DA:125,0
DA:143,1
DA:147,0
DA:148,0
DA:149,0
DA:150,0
DA:153,0
DA:154,0
DA:161,0
DA:162,0
DA:163,0
DA:170,0
DA:171,0
DA:172,0
DA:179,0
DA:180,0
DA:187,0
DA:188,0
DA:189,0
DA:196,0
DA:204,0
DA:213,0
DA:214,0
DA:227,1
DA:231,0
DA:232,0
DA:233,0
DA:236,0
DA:237,0
DA:238,0
DA:245,0
DA:246,0
DA:248,0
DA:249,0
DA:256,0
DA:257,0
DA:258,0
DA:259,0
DA:260,0
DA:261,0
DA:270,0
DA:271,0
DA:272,0
DA:279,0
DA:288,0
DA:293,0
DA:294,0
DA:307,1
DA:311,0
DA:312,0
DA:315,0
DA:317,0
DA:318,0
DA:325,0
DA:328,0
DA:329,0
DA:330,0
DA:336,0
DA:341,0
DA:342,0
DA:355,1
DA:360,0
DA:361,0
DA:362,0
DA:364,0
DA:365,0
DA:371,0
DA:380,0
DA:381,0
DA:399,1
DA:404,0
DA:405,0
DA:406,0
DA:407,0
DA:410,0
DA:411,0
DA:418,0
DA:419,0
DA:426,0
DA:427,0
DA:428,0
DA:435,0
DA:436,0
DA:437,0
DA:446,0
DA:447,0
DA:449,0
DA:450,0
DA:457,0
DA:460,0
DA:467,0
DA:480,0
DA:481,0
DA:494,1
DA:499,0
DA:500,0
DA:501,0
DA:503,0
DA:508,0
DA:509,0
LF:127
LH:9
BRDA:34,0,0,0
BRDA:34,0,1,0
BRDA:62,1,0,0
BRDA:62,1,1,0
BRDA:62,2,0,0
BRDA:62,2,1,0
BRDA:69,3,0,0
BRDA:69,3,1,0
BRDA:78,4,0,0
BRDA:78,4,1,0
BRDA:87,5,0,0
BRDA:87,5,1,0
BRDA:127,6,0,0
BRDA:127,6,1,0
BRDA:153,7,0,0
BRDA:153,7,1,0
BRDA:153,8,0,0
BRDA:153,8,1,0
BRDA:162,9,0,0
BRDA:162,9,1,0
BRDA:171,10,0,0
BRDA:171,10,1,0
BRDA:179,11,0,0
BRDA:179,11,1,0
BRDA:188,12,0,0
BRDA:188,12,1,0
BRDA:216,13,0,0
BRDA:216,13,1,0
BRDA:237,14,0,0
BRDA:237,14,1,0
BRDA:248,15,0,0
BRDA:248,15,1,0
BRDA:248,16,0,0
BRDA:248,16,1,0
BRDA:256,17,0,0
BRDA:256,17,1,0
BRDA:258,18,0,0
BRDA:258,18,1,0
BRDA:258,19,0,0
BRDA:258,19,1,0
BRDA:260,20,0,0
BRDA:260,20,1,0
BRDA:271,21,0,0
BRDA:271,21,1,0
BRDA:296,22,0,0
BRDA:296,22,1,0
BRDA:317,23,0,0
BRDA:317,23,1,0
BRDA:332,24,0,0
BRDA:332,24,1,0
BRDA:344,25,0,0
BRDA:344,25,1,0
BRDA:364,26,0,0
BRDA:364,26,1,0
BRDA:383,27,0,0
BRDA:383,27,1,0
BRDA:410,28,0,0
BRDA:410,28,1,0
BRDA:418,29,0,0
BRDA:418,29,1,0
BRDA:427,30,0,0
BRDA:427,30,1,0
BRDA:436,31,0,0
BRDA:436,31,1,0
BRDA:449,32,0,0
BRDA:449,32,1,0
BRDA:449,33,0,0
BRDA:449,33,1,0
BRDA:483,34,0,0
BRDA:483,34,1,0
BRDA:511,35,0,0
BRDA:511,35,1,0
BRF:72
BRH:0
end_of_record
TN:
SF:server/routes/questionnaire.route.ts
FN:11,(anonymous_0)
FN:46,(anonymous_1)
FN:70,(anonymous_2)
FN:94,(anonymous_3)
FN:127,(anonymous_4)
FN:151,(anonymous_5)
FN:199,(anonymous_6)
FN:218,(anonymous_7)
FN:250,(anonymous_8)
FN:274,(anonymous_9)
FN:309,(anonymous_10)
FN:328,(anonymous_11)
FN:347,(anonymous_12)
FN:375,(anonymous_13)
FN:399,(anonymous_14)
FN:418,(anonymous_15)
FNF:16
FNH:0
FNDA:0,(anonymous_0)
FNDA:0,(anonymous_1)
FNDA:0,(anonymous_2)
FNDA:0,(anonymous_3)
FNDA:0,(anonymous_4)
FNDA:0,(anonymous_5)
FNDA:0,(anonymous_6)
FNDA:0,(anonymous_7)
FNDA:0,(anonymous_8)
FNDA:0,(anonymous_9)
FNDA:0,(anonymous_10)
FNDA:0,(anonymous_11)
FNDA:0,(anonymous_12)
FNDA:0,(anonymous_13)
FNDA:0,(anonymous_14)
FNDA:0,(anonymous_15)
DA:5,1
DA:11,1
DA:12,0
DA:13,0
DA:15,0
DA:16,0
DA:19,0
DA:20,0
DA:21,0
DA:24,0
DA:25,0
DA:27,0
DA:35,0
DA:37,0
DA:38,0
DA:46,1
DA:47,0
DA:48,0
DA:50,0
DA:51,0
DA:53,0
DA:54,0
DA:55,0
DA:58,0
DA:59,0
DA:61,0
DA:62,0
DA:70,1
DA:71,0
DA:72,0
DA:74,0
DA:75,0
DA:77,0
DA:79,0
DA:80,0
DA:83,0
DA:85,0
DA:86,0
DA:94,1
DA:95,0
DA:96,0
DA:97,0
DA:99,0
DA:100,0
DA:102,0
DA:103,0
DA:104,0
DA:105,0
DA:106,0
DA:107,0
DA:109,0
DA:111,0
DA:112,0
DA:115,0
DA:116,0
DA:118,0
DA:119,0
DA:127,1
DA:128,0
DA:129,0
DA:131,0
DA:132,0
DA:134,0
DA:136,0
DA:137,0
DA:140,0
DA:142,0
DA:143,0
DA:151,1
DA:152,0
DA:153,0
DA:154,0
DA:156,0
DA:157,0
DA:160,0
DA:161,0
DA:162,0
DA:165,0
DA:166,0
DA:169,0
DA:170,0
DA:171,0
DA:175,0
DA:176,0
DA:179,0
DA:188,0
DA:190,0
DA:191,0
DA:199,1
DA:200,0
DA:201,0
DA:203,0
DA:204,0
DA:206,0
DA:207,0
DA:209,0
DA:210,0
DA:218,1
DA:219,0
DA:220,0
DA:221,0
DA:223,0
DA:224,0
DA:226,0
DA:227,0
DA:228,0
DA:229,0
DA:230,0
DA:231,0
DA:233,0
DA:235,0
DA:236,0
DA:239,0
DA:241,0
DA:242,0
DA:250,1
DA:251,0
DA:252,0
DA:254,0
DA:255,0
DA:257,0
DA:259,0
DA:260,0
DA:263,0
DA:265,0
DA:266,0
DA:274,1
DA:275,0
DA:276,0
DA:277,0
DA:279,0
DA:280,0
DA:283,0
DA:284,0
DA:287,0
DA:288,0
DA:291,0
DA:292,0
DA:293,0
DA:296,0
DA:298,0
DA:300,0
DA:301,0
DA:309,1
DA:310,0
DA:311,0
DA:313,0
DA:314,0
DA:316,0
DA:317,0
DA:319,0
DA:320,0
DA:328,1
DA:329,0
DA:330,0
DA:332,0
DA:333,0
DA:335,0
DA:336,0
DA:338,0
DA:339,0
DA:347,1
DA:348,0
DA:349,0
DA:350,0
DA:352,0
DA:353,0
DA:356,0
DA:357,0
DA:360,0
DA:361,0
DA:363,0
DA:364,0
DA:366,0
DA:367,0
DA:375,1
DA:376,0
DA:377,0
DA:378,0
DA:380,0
DA:381,0
DA:384,0
DA:385,0
DA:387,0
DA:388,0
DA:390,0
DA:391,0
DA:399,1
DA:400,0
DA:401,0
DA:403,0
DA:404,0
DA:406,0
DA:407,0
DA:409,0
DA:410,0
DA:418,1
DA:419,0
DA:420,0
DA:422,0
DA:423,0
DA:425,0
DA:426,0
DA:428,0
DA:429,0
LF:205
LH:17
BRDA:13,0,0,0
BRDA:13,1,0,0
BRDA:15,2,0,0
BRDA:15,2,1,0
BRDA:15,3,0,0
BRDA:15,3,1,0
BRDA:20,4,0,0
BRDA:20,4,1,0
BRDA:54,5,0,0
BRDA:54,5,1,0
BRDA:79,6,0,0
BRDA:79,6,1,0
BRDA:103,7,0,0
BRDA:103,7,1,0
BRDA:104,8,0,0
BRDA:104,8,1,0
BRDA:105,9,0,0
BRDA:105,9,1,0
BRDA:106,10,0,0
BRDA:106,10,1,0
BRDA:107,11,0,0
BRDA:107,11,1,0
BRDA:111,12,0,0
BRDA:111,12,1,0
BRDA:136,13,0,0
BRDA:136,13,1,0
BRDA:154,14,0,0
BRDA:154,15,0,0
BRDA:156,16,0,0
BRDA:156,16,1,0
BRDA:156,17,0,0
BRDA:156,17,1,0
BRDA:161,18,0,0
BRDA:161,18,1,0
BRDA:170,19,0,0
BRDA:170,19,1,0
BRDA:175,20,0,0
BRDA:175,20,1,0
BRDA:175,21,0,0
BRDA:175,21,1,0
BRDA:175,21,2,0
BRDA:183,22,0,0
BRDA:183,22,1,0
BRDA:184,23,0,0
BRDA:184,23,1,0
BRDA:227,24,0,0
BRDA:227,24,1,0
BRDA:228,25,0,0
BRDA:228,25,1,0
BRDA:229,26,0,0
BRDA:229,26,1,0
BRDA:230,27,0,0
BRDA:230,27,1,0
BRDA:230,28,0,0
BRDA:230,28,1,0
BRDA:231,29,0,0
BRDA:231,29,1,0
BRDA:235,30,0,0
BRDA:235,30,1,0
BRDA:259,31,0,0
BRDA:259,31,1,0
BRDA:279,32,0,0
BRDA:279,32,1,0
BRDA:283,33,0,0
BRDA:283,33,1,0
BRDA:283,34,0,0
BRDA:283,34,1,0
BRDA:283,34,2,0
BRDA:292,35,0,0
BRDA:292,35,1,0
BRDA:350,36,0,0
BRDA:352,37,0,0
BRDA:352,37,1,0
BRDA:356,38,0,0
BRDA:356,38,1,0
BRDA:380,39,0,0
BRDA:380,39,1,0
BRF:77
BRH:0
end_of_record
TN:
SF:server/routes/report.route.ts
FN:13,(anonymous_0)
FN:33,(anonymous_1)
FN:57,(anonymous_2)
FN:75,(anonymous_3)
FNF:4
FNH:0
FNDA:0,(anonymous_0)
FNDA:0,(anonymous_1)
FNDA:0,(anonymous_2)
FNDA:0,(anonymous_3)
DA:10,1
DA:13,1
DA:14,0
DA:15,0
DA:16,0
DA:18,0
DA:19,0
DA:20,0
DA:24,0
DA:25,0
DA:27,0
DA:28,0
DA:33,1
DA:34,0
DA:35,0
DA:36,0
DA:37,0
DA:38,0
DA:40,0
DA:43,0
DA:46,0
DA:49,0
DA:50,0
DA:52,0
DA:53,0
DA:57,1
DA:58,0
DA:59,0
DA:60,0
DA:63,0
DA:65,0
DA:66,0
DA:67,0
DA:69,0
DA:70,0
DA:75,1
DA:76,0
DA:77,0
DA:78,0
DA:81,0
DA:84,0
DA:85,0
DA:88,0
DA:89,0
DA:90,0
DA:92,0
DA:93,0
LF:47
LH:5
BRDA:18,0,0,0
BRDA:18,0,1,0
BRDA:27,1,0,0
BRDA:27,1,1,0
BRDA:36,2,0,0
BRDA:36,2,1,0
BRDA:52,3,0,0
BRDA:52,3,1,0
BRDA:69,4,0,0
BRDA:69,4,1,0
BRDA:78,5,0,0
BRDA:84,6,0,0
BRDA:84,6,1,0
BRDA:84,6,2,0
BRDA:84,6,3,0
BRDA:85,7,0,0
BRDA:85,7,1,0
BRDA:92,8,0,0
BRDA:92,8,1,0
BRF:19
BRH:0
end_of_record
TN:
SF:server/routes/script-annotations.route.ts
FN:18,(anonymous_0)
FN:45,(anonymous_1)
FN:81,(anonymous_2)
FN:150,(anonymous_3)
FN:208,(anonymous_4)
FN:247,(anonymous_5)
FN:261,(anonymous_6)
FNF:7
FNH:0
FNDA:0,(anonymous_0)
FNDA:0,(anonymous_1)
FNDA:0,(anonymous_2)
FNDA:0,(anonymous_3)
FNDA:0,(anonymous_4)
FNDA:0,(anonymous_5)
FNDA:0,(anonymous_6)
DA:7,1
DA:18,1
DA:19,0
DA:20,0
DA:21,0
DA:22,0
DA:24,0
DA:25,0
DA:31,0
DA:34,0
DA:45,0
DA:46,0
DA:47,0
DA:48,0
DA:57,0
DA:60,0
DA:62,0
DA:63,0
DA:81,1
DA:82,0
DA:83,0
DA:84,0
DA:85,0
DA:88,0
DA:89,0
DA:96,0
DA:97,0
DA:98,0
DA:105,0
DA:117,0
DA:118,0
DA:127,0
DA:129,0
DA:131,0
DA:132,0
DA:135,0
DA:150,1
DA:151,0
DA:152,0
DA:153,0
DA:154,0
DA:157,0
DA:159,0
DA:160,0
DA:164,0
DA:165,0
DA:169,0
DA:170,0
DA:171,0
DA:172,0
DA:180,0
DA:186,0
DA:187,0
DA:191,0
DA:192,0
DA:194,0
DA:196,0
DA:197,0
DA:200,0
DA:208,1
DA:209,0
DA:210,0
DA:211,0
DA:214,0
DA:216,0
DA:217,0
DA:221,0
DA:222,0
DA:226,0
DA:228,0
DA:229,0
DA:232,0
DA:234,0
DA:235,0
DA:247,1
DA:248,0
DA:249,0
DA:250,0
DA:251,0
DA:254,0
DA:257,0
DA:260,0
DA:261,0
DA:262,0
DA:263,0
DA:272,0
DA:275,0
DA:282,0
DA:283,0
LF:89
LH:6
BRDA:24,0,0,0
BRDA:24,0,1,0
BRDA:24,1,0,0
BRDA:24,1,1,0
BRDA:40,2,0,0
BRDA:40,2,1,0
BRDA:47,3,0,0
BRDA:47,3,1,0
BRDA:88,4,0,0
BRDA:88,4,1,0
BRDA:88,5,0,0
BRDA:88,5,1,0
BRDA:88,5,2,0
BRDA:88,5,3,0
BRDA:97,6,0,0
BRDA:97,6,1,0
BRDA:113,7,0,0
BRDA:113,7,1,0
BRDA:118,8,0,0
BRDA:118,8,1,0
BRDA:131,9,0,0
BRDA:131,9,1,0
BRDA:131,10,0,0
BRDA:131,10,1,0
BRDA:159,11,0,0
BRDA:159,11,1,0
BRDA:164,12,0,0
BRDA:164,12,1,0
BRDA:169,13,0,0
BRDA:169,13,1,0
BRDA:171,14,0,0
BRDA:171,14,1,0
BRDA:186,15,0,0
BRDA:186,15,1,0
BRDA:196,16,0,0
BRDA:196,16,1,0
BRDA:196,17,0,0
BRDA:196,17,1,0
BRDA:216,18,0,0
BRDA:216,18,1,0
BRDA:221,19,0,0
BRDA:221,19,1,0
BRDA:228,20,0,0
BRDA:228,20,1,0
BRDA:250,21,0,0
BRDA:250,21,1,0
BRDA:251,22,0,0
BRDA:251,22,1,0
BRDA:262,23,0,0
BRDA:262,23,1,0
BRF:50
BRH:0
end_of_record
TN:
SF:server/routes/script.route.ts
FN:16,cleanControlChars
FN:21,extractDuration
FN:30,(anonymous_2)
FN:51,(anonymous_3)
FN:77,(anonymous_4)
FN:86,(anonymous_5)
FN:107,(anonymous_6)
FN:111,(anonymous_7)
FN:117,(anonymous_8)
FN:137,(anonymous_9)
FN:163,(anonymous_10)
FN:169,(anonymous_11)
FN:189,(anonymous_12)
FN:222,(anonymous_13)
FN:268,(anonymous_14)
FN:329,(anonymous_15)
FN:355,(anonymous_16)
FN:372,(anonymous_17)
FN:422,(anonymous_18)
FN:495,(anonymous_19)
FNF:20
FNH:0
FNDA:0,cleanControlChars
FNDA:0,extractDuration
FNDA:0,(anonymous_2)
FNDA:0,(anonymous_3)
FNDA:0,(anonymous_4)
FNDA:0,(anonymous_5)
FNDA:0,(anonymous_6)
FNDA:0,(anonymous_7)
FNDA:0,(anonymous_8)
FNDA:0,(anonymous_9)
FNDA:0,(anonymous_10)
FNDA:0,(anonymous_11)
FNDA:0,(anonymous_12)
FNDA:0,(anonymous_13)
FNDA:0,(anonymous_14)
FNDA:0,(anonymous_15)
FNDA:0,(anonymous_16)
FNDA:0,(anonymous_17)
FNDA:0,(anonymous_18)
FNDA:0,(anonymous_19)
DA:10,1
DA:17,0
DA:22,0
DA:23,0
DA:24,0
DA:25,0
DA:26,0
DA:27,0
DA:30,1
DA:31,0
DA:32,0
DA:33,0
DA:34,0
DA:36,0
DA:51,1
DA:52,0
DA:54,0
DA:55,0
DA:56,0
DA:59,0
DA:60,0
DA:61,0
DA:64,0
DA:65,0
DA:66,0
DA:69,0
DA:77,1
DA:78,0
DA:79,0
[...]
DA:174,0
DA:179,0
DA:182,0
DA:183,0
DA:188,0
DA:190,0
DA:197,0
DA:198,0
DA:199,0
DA:201,0
DA:202,0
LF:61
LH:0
BRDA:44,0,0,0
BRDA:44,0,1,0
BRDA:45,1,0,0
BRDA:45,1,1,0
BRDA:46,2,0,0
BRDA:46,2,1,0
BRDA:118,3,0,0
BRDA:118,3,1,0
BRDA:190,4,0,0
BRDA:190,4,1,0
BRDA:199,5,0,0
BRDA:199,5,1,0
BRDA:203,6,0,0
BRDA:203,6,1,0
BRF:14
BRH:0
end_of_record
TN:
SF:src/store/project.store.ts
FN:47,(anonymous_0)
FN:52,(anonymous_1)
FN:54,(anonymous_2)
FN:68,(anonymous_3)
FN:72,(anonymous_4)
FN:73,(anonymous_5)
FN:81,(anonymous_6)
FN:83,(anonymous_7)
FN:87,(anonymous_8)
FN:89,(anonymous_9)
FN:89,(anonymous_10)
FN:92,(anonymous_11)
FN:94,(anonymous_12)
FN:95,(anonymous_13)
FN:101,(anonymous_14)
FN:103,(anonymous_15)
FN:109,(anonymous_16)
FNF:17
FNH:0
FNDA:0,(anonymous_0)
FNDA:0,(anonymous_1)
FNDA:0,(anonymous_2)
FNDA:0,(anonymous_3)
FNDA:0,(anonymous_4)
FNDA:0,(anonymous_5)
FNDA:0,(anonymous_6)
FNDA:0,(anonymous_7)
FNDA:0,(anonymous_8)
FNDA:0,(anonymous_9)
FNDA:0,(anonymous_10)
FNDA:0,(anonymous_11)
FNDA:0,(anonymous_12)
FNDA:0,(anonymous_13)
FNDA:0,(anonymous_14)
FNDA:0,(anonymous_15)
FNDA:0,(anonymous_16)
DA:45,0
DA:47,0
DA:52,0
DA:55,0
DA:56,0
DA:57,0
DA:58,0
DA:60,0
DA:61,0
DA:64,0
DA:69,0
DA:70,0
DA:72,0
DA:73,0
DA:75,0
DA:77,0
DA:82,0
DA:83,0
DA:84,0
DA:88,0
DA:89,0
DA:93,0
DA:94,0
DA:95,0
DA:96,0
DA:97,0
DA:102,0
DA:103,0
DA:104,0
DA:109,0
LF:30
LH:0
BRDA:60,0,0,0
BRDA:60,0,1,0
BRDA:60,1,0,0
BRDA:60,1,1,0
BRDA:73,2,0,0
BRDA:73,2,1,0
BRDA:89,3,0,0
BRDA:89,3,1,0
BRDA:96,4,0,0
BRDA:96,4,1,0
BRDA:96,5,0,0
BRDA:96,5,1,0
BRF:12
BRH:0
end_of_record
TN:
SF:src/store/questionnaire.store.ts
FN:123,(anonymous_0)
FN:132,(anonymous_1)
FN:149,(anonymous_2)
FN:163,(anonymous_3)
FN:174,(anonymous_4)
FN:186,(anonymous_5)
FN:197,(anonymous_6)
FN:198,(anonymous_7)
FN:209,(anonymous_8)
FN:217,(anonymous_9)
FN:218,(anonymous_10)
FN:228,(anonymous_11)
FN:258,(anonymous_12)
FN:276,(anonymous_13)
FN:292,(anonymous_14)
FN:310,(anonymous_15)
FN:324,(anonymous_16)
FN:338,(anonymous_17)
FN:352,(anonymous_18)
FNF:19
FNH:0
FNDA:0,(anonymous_0)
FNDA:0,(anonymous_1)
FNDA:0,(anonymous_2)
FNDA:0,(anonymous_3)
FNDA:0,(anonymous_4)
FNDA:0,(anonymous_5)
FNDA:0,(anonymous_6)
FNDA:0,(anonymous_7)
FNDA:0,(anonymous_8)
FNDA:0,(anonymous_9)
FNDA:0,(anonymous_10)
FNDA:0,(anonymous_11)
FNDA:0,(anonymous_12)
FNDA:0,(anonymous_13)
FNDA:0,(anonymous_14)
FNDA:0,(anonymous_15)
FNDA:0,(anonymous_16)
FNDA:0,(anonymous_17)
FNDA:0,(anonymous_18)
DA:3,0
DA:123,0
DA:133,0
DA:134,0
DA:135,0
DA:136,0
DA:138,0
DA:139,0
DA:141,0
DA:142,0
DA:144,0
DA:145,0
DA:150,0
DA:151,0
DA:152,0
DA:153,0
DA:155,0
DA:156,0
DA:158,0
DA:159,0
DA:164,0
DA:165,0
DA:166,0
DA:171,0
DA:173,0
DA:174,0
DA:178,0
DA:180,0
DA:181,0
DA:182,0
DA:187,0
DA:188,0
DA:189,0
DA:194,0
DA:196,0
DA:197,0
DA:198,0
DA:203,0
DA:204,0
DA:205,0
DA:210,0
DA:211,0
DA:212,0
DA:215,0
DA:217,0
DA:218,0
DA:222,0
DA:223,0
DA:224,0
DA:229,0
DA:230,0
DA:231,0
DA:237,0
DA:242,0
DA:244,0
DA:247,0
DA:249,0
DA:250,0
DA:252,0
DA:253,0
DA:254,0
DA:259,0
DA:260,0
DA:261,0
DA:266,0
DA:268,0
DA:270,0
DA:271,0
DA:272,0
DA:277,0
DA:278,0
DA:279,0
DA:282,0
DA:284,0
DA:286,0
DA:287,0
DA:288,0
DA:293,0
DA:294,0
DA:295,0
DA:300,0
DA:302,0
DA:304,0
DA:305,0
DA:306,0
DA:311,0
DA:312,0
DA:313,0
DA:314,0
DA:316,0
DA:317,0
DA:319,0
DA:320,0
DA:325,0
DA:326,0
DA:327,0
DA:328,0
DA:330,0
DA:331,0
DA:333,0
DA:334,0
DA:339,0
DA:340,0
DA:341,0
DA:342,0
DA:344,0
DA:345,0
DA:347,0
DA:348,0
DA:353,0
DA:354,0
DA:355,0
DA:356,0
DA:358,0
DA:359,0
DA:361,0
DA:362,0
LF:117
LH:0
BRDA:136,0,0,0
BRDA:136,0,1,0
BRDA:139,1,0,0
BRDA:139,1,1,0
BRDA:153,2,0,0
BRDA:153,2,1,0
BRDA:171,3,0,0
BRDA:171,3,1,0
BRDA:194,4,0,0
BRDA:194,4,1,0
BRDA:198,5,0,0
BRDA:198,5,1,0
BRDA:215,6,0,0
BRDA:215,6,1,0
BRDA:233,7,0,0
BRDA:233,7,1,0
BRDA:234,8,0,0
BRDA:234,8,1,0
BRDA:242,9,0,0
BRDA:242,9,1,0
BRDA:266,10,0,0
BRDA:266,10,1,0
BRDA:282,11,0,0
BRDA:282,11,1,0
BRDA:300,12,0,0
BRDA:300,12,1,0
BRDA:314,13,0,0
BRDA:314,13,1,0
BRDA:328,14,0,0
BRDA:328,14,1,0
BRDA:342,15,0,0
BRDA:342,15,1,0
BRDA:356,16,0,0
BRDA:356,16,1,0
BRF:34
BRH:0
end_of_record
TN:
SF:src/store/script.store.ts
FN:23,(anonymous_0)
FN:30,(anonymous_1)
FN:32,(anonymous_2)
FN:33,(anonymous_3)
FN:35,(anonymous_4)
FN:40,(anonymous_5)
FN:41,(anonymous_6)
FN:49,(anonymous_7)
FN:50,(anonymous_8)
FN:50,(anonymous_9)
FN:53,(anonymous_10)
FN:57,(anonymous_11)
FN:59,(anonymous_12)
FN:60,(anonymous_13)
FN:61,(anonymous_14)
FN:65,(anonymous_15)
FN:74,(anonymous_16)
FN:75,(anonymous_17)
FN:76,(anonymous_18)
FN:84,(anonymous_19)
FN:86,(anonymous_20)
FN:88,(anonymous_21)
FN:88,(anonymous_22)
FNF:23
FNH:0
FNDA:0,(anonymous_0)
FNDA:0,(anonymous_1)
FNDA:0,(anonymous_2)
FNDA:0,(anonymous_3)
FNDA:0,(anonymous_4)
FNDA:0,(anonymous_5)
FNDA:0,(anonymous_6)
FNDA:0,(anonymous_7)
FNDA:0,(anonymous_8)
FNDA:0,(anonymous_9)
FNDA:0,(anonymous_10)
FNDA:0,(anonymous_11)
FNDA:0,(anonymous_12)
FNDA:0,(anonymous_13)
FNDA:0,(anonymous_14)
FNDA:0,(anonymous_15)
FNDA:0,(anonymous_16)
FNDA:0,(anonymous_17)
FNDA:0,(anonymous_18)
FNDA:0,(anonymous_19)
FNDA:0,(anonymous_20)
FNDA:0,(anonymous_21)
FNDA:0,(anonymous_22)
DA:23,0
DA:30,0
DA:33,0
DA:35,0
DA:36,0
DA:41,0
DA:42,0
DA:43,0
DA:44,0
DA:45,0
DA:50,0
DA:54,0
DA:57,0
DA:60,0
DA:61,0
DA:66,0
DA:67,0
DA:72,0
DA:74,0
DA:75,0
DA:76,0
DA:79,0
DA:80,0
DA:84,0
DA:86,0
DA:88,0
LF:26
LH:0
BRDA:35,0,0,0
BRDA:35,0,1,0
BRDA:43,1,0,0
BRDA:43,1,1,0
BRDA:61,2,0,0
BRDA:61,2,1,0
BRDA:72,3,0,0
BRDA:72,3,1,0
BRDA:84,4,0,0
BRDA:84,4,1,0
BRF:10
BRH:0
end_of_record
TN:
SF:src/store/template.store.ts
FN:54,(anonymous_0)
FN:65,(anonymous_1)
FN:108,(anonymous_2)
FN:122,(anonymous_3)
FN:123,(anonymous_4)
FN:128,(anonymous_5)
FN:132,(anonymous_6)
FN:133,(anonymous_7)
FN:138,(anonymous_8)
FN:142,(anonymous_9)
FN:147,(anonymous_10)
FN:151,(anonymous_11)
FN:154,(anonymous_12)
FN:157,(anonymous_13)
FNF:14
FNH:0
FNDA:0,(anonymous_0)
FNDA:0,(anonymous_1)
FNDA:0,(anonymous_2)
FNDA:0,(anonymous_3)
FNDA:0,(anonymous_4)
FNDA:0,(anonymous_5)
FNDA:0,(anonymous_6)
FNDA:0,(anonymous_7)
FNDA:0,(anonymous_8)
FNDA:0,(anonymous_9)
FNDA:0,(anonymous_10)
FNDA:0,(anonymous_11)
FNDA:0,(anonymous_12)
FNDA:0,(anonymous_13)
DA:40,0
DA:47,0
DA:54,0
DA:66,0
DA:67,0
DA:68,0
DA:71,0
DA:77,0
DA:78,0
DA:79,0
DA:82,0
DA:83,0
DA:84,0
DA:85,0
DA:89,0
DA:91,0
DA:98,0
DA:99,0
DA:109,0
DA:110,0
DA:111,0
DA:112,0
DA:113,0
DA:115,0
DA:116,0
DA:117,0
DA:123,0
DA:128,0
DA:133,0
DA:138,0
DA:143,0
DA:147,0
DA:151,0
DA:154,0
DA:157,0
LF:35
LH:0
BRDA:77,0,0,0
BRDA:77,0,1,0
BRDA:78,1,0,0
BRDA:78,1,1,0
BRDA:79,2,0,0
BRDA:79,2,1,0
BRDA:82,3,0,0
BRDA:82,3,1,0
BRDA:84,4,0,0
BRDA:84,4,1,0
BRDA:98,5,0,0
BRDA:98,5,1,0
BRDA:115,6,0,0
BRDA:115,6,1,0
BRDA:154,7,0,0
BRDA:154,7,1,0
BRF:16
BRH:0
end_of_record
TN:
SF:src/store/testing.store.ts
FN:61,(anonymous_0)
FN:68,(anonymous_1)
FN:80,(anonymous_2)
FN:92,(anonymous_3)
FN:110,(anonymous_4)
FN:124,(anonymous_5)
FN:136,(anonymous_6)
FN:148,(anonymous_7)
FN:160,(anonymous_8)
FN:173,(anonymous_9)
FNF:10
FNH:0
FNDA:0,(anonymous_0)
FNDA:0,(anonymous_1)
FNDA:0,(anonymous_2)
FNDA:0,(anonymous_3)
FNDA:0,(anonymous_4)
FNDA:0,(anonymous_5)
FNDA:0,(anonymous_6)
FNDA:0,(anonymous_7)
FNDA:0,(anonymous_8)
FNDA:0,(anonymous_9)
DA:59,0
DA:61,0
DA:69,0
DA:70,0
DA:71,0
DA:72,0
DA:73,0
DA:75,0
DA:76,0
DA:81,0
DA:82,0
DA:83,0
DA:84,0
DA:85,0
DA:87,0
DA:88,0
DA:93,0
DA:94,0
DA:95,0
DA:100,0
DA:101,0
DA:102,0
DA:104,0
DA:105,0
DA:106,0
DA:111,0
DA:112,0
DA:117,0
DA:119,0
DA:120,0
DA:125,0
DA:126,0
DA:127,0
DA:128,0
DA:129,0
DA:131,0
DA:132,0
DA:137,0
DA:138,0
DA:144,0
DA:149,0
DA:150,0
DA:151,0
DA:152,0
DA:153,0
DA:155,0
DA:156,0
DA:161,0
DA:162,0
DA:168,0
DA:169,0
DA:174,0
DA:175,0
DA:181,0
DA:182,0
LF:55
LH:0
BRF:0
BRH:0
end_of_record
TN:
SF:src/store/toast.store.ts
FN:23,(anonymous_0)
FN:26,(anonymous_1)
FN:30,(anonymous_2)
FN:37,(anonymous_3)
FN:38,(anonymous_4)
FN:39,(anonymous_5)
FN:45,(anonymous_6)
FN:46,(anonymous_7)
FN:47,(anonymous_8)
FN:51,(anonymous_9)
FN:58,(anonymous_10)
FN:62,(anonymous_11)
FN:66,(anonymous_12)
FN:70,(anonymous_13)
FN:77,(anonymous_14)
FNF:15
FNH:0
FNDA:0,(anonymous_0)
FNDA:0,(anonymous_1)
FNDA:0,(anonymous_2)
FNDA:0,(anonymous_3)
FNDA:0,(anonymous_4)
FNDA:0,(anonymous_5)
FNDA:0,(anonymous_6)
FNDA:0,(anonymous_7)
FNDA:0,(anonymous_8)
FNDA:0,(anonymous_9)
FNDA:0,(anonymous_10)
FNDA:0,(anonymous_11)
FNDA:0,(anonymous_12)
FNDA:0,(anonymous_13)
FNDA:0,(anonymous_14)
DA:23,0
DA:27,0
DA:28,0
DA:30,0
DA:35,0
DA:36,0
DA:37,0
DA:38,0
DA:39,0
DA:46,0
DA:47,0
DA:52,0
DA:57,0
DA:59,0
DA:63,0
DA:67,0
DA:71,0
DA:78,0
LF:18
LH:0
BRDA:35,0,0,0
BRDA:35,0,1,0
BRDA:36,1,0,0
BRDA:36,1,1,0
BRDA:63,2,0,0
BRDA:63,2,1,0
BRDA:81,3,0,0
BRDA:81,3,1,0
BRDA:81,4,0,0
BRDA:81,4,1,0
BRDA:85,5,0,0
BRDA:85,5,1,0
BRF:12
BRH:0
end_of_record
TN:
SF:src/store/topic.store.ts
FN:21,(anonymous_0)
FN:27,(anonymous_1)
FN:28,(anonymous_2)
FN:28,(anonymous_3)
FN:32,(anonymous_4)
FN:33,(anonymous_5)
FN:36,(anonymous_6)
FN:37,(anonymous_7)
FN:45,(anonymous_8)
FN:46,(anonymous_9)
FN:46,(anonymous_10)
FN:49,(anonymous_11)
FN:53,(anonymous_12)
FN:54,(anonymous_13)
FN:55,(anonymous_14)
FN:59,(anonymous_15)
FN:68,(anonymous_16)
FN:69,(anonymous_17)
FN:79,(anonymous_18)
FN:88,(anonymous_19)
FN:89,(anonymous_20)
FN:90,(anonymous_21)
FN:98,(anonymous_22)
FN:100,(anonymous_23)
FNF:24
FNH:0
FNDA:0,(anonymous_0)
FNDA:0,(anonymous_1)
FNDA:0,(anonymous_2)
FNDA:0,(anonymous_3)
FNDA:0,(anonymous_4)
FNDA:0,(anonymous_5)
FNDA:0,(anonymous_6)
FNDA:0,(anonymous_7)
FNDA:0,(anonymous_8)
FNDA:0,(anonymous_9)
FNDA:0,(anonymous_10)
FNDA:0,(anonymous_11)
FNDA:0,(anonymous_12)
FNDA:0,(anonymous_13)
FNDA:0,(anonymous_14)
FNDA:0,(anonymous_15)
FNDA:0,(anonymous_16)
FNDA:0,(anonymous_17)
FNDA:0,(anonymous_18)
FNDA:0,(anonymous_19)
FNDA:0,(anonymous_20)
FNDA:0,(anonymous_21)
FNDA:0,(anonymous_22)
FNDA:0,(anonymous_23)
DA:21,0
DA:28,0
DA:29,0
DA:33,0
DA:37,0
DA:38,0
DA:39,0
DA:40,0
DA:41,0
DA:46,0
DA:50,0
DA:54,0
DA:55,0
DA:60,0
DA:61,0
DA:66,0
DA:68,0
DA:70,0
DA:74,0
DA:75,0
DA:80,0
DA:81,0
DA:86,0
DA:88,0
DA:89,0
DA:90,0
DA:93,0
DA:94,0
DA:98,0
DA:100,0
LF:30
LH:0
BRDA:39,0,0,0
BRDA:39,0,1,0
BRDA:55,1,0,0
BRDA:55,1,1,0
BRDA:66,2,0,0
BRDA:66,2,1,0
BRDA:70,3,0,0
BRDA:70,3,1,0
BRDA:86,4,0,0
BRDA:86,4,1,0
BRDA:98,5,0,0
BRDA:98,5,1,0
BRF:12
BRH:0
end_of_record
TN:
SF:src/store/ui.store.ts
FN:19,(anonymous_0)
FN:24,(anonymous_1)
FN:32,(anonymous_2)
FN:33,(anonymous_3)
FN:43,(anonymous_4)
FN:43,(anonymous_5)
FN:45,(anonymous_6)
FN:49,(anonymous_7)
FNF:8
FNH:0
FNDA:0,(anonymous_0)
FNDA:0,(anonymous_1)
FNDA:0,(anonymous_2)
FNDA:0,(anonymous_3)
FNDA:0,(anonymous_4)
FNDA:0,(anonymous_5)
FNDA:0,(anonymous_6)
FNDA:0,(anonymous_7)
DA:17,0
DA:19,0
DA:25,0
DA:27,0
DA:29,0
DA:33,0
DA:34,0
DA:36,0
DA:38,0
DA:39,0
DA:43,0
DA:45,0
DA:49,0
LF:13
LH:0
BRDA:34,0,0,0
BRDA:34,0,1,0
BRF:2
BRH:0
end_of_record
TN:
SF:src/types/index.ts
FNF:0
FNH:0
LF:0
LH:0
BRF:0
BRH:0
end_of_record
TN:
SF:src/utils/chart-data.ts
FN:10,getInsightDistribution
FN:13,(anonymous_1)
FN:18,(anonymous_2)
FN:27,getTopicPriorityDistribution
FN:30,(anonymous_4)
FN:37,(anonymous_5)
FN:38,(anonymous_6)
FN:47,getTimelineActivity
FNF:8
FNH:0
FNDA:0,getInsightDistribution
FNDA:0,(anonymous_1)
FNDA:0,(anonymous_2)
FNDA:0,getTopicPriorityDistribution
FNDA:0,(anonymous_4)
FNDA:0,(anonymous_5)
FNDA:0,(anonymous_6)
FNDA:0,getTimelineActivity
DA:11,0
DA:13,0
DA:14,0
DA:15,0
DA:18,0
DA:28,0
DA:30,0
DA:31,0
DA:32,0
DA:36,0
DA:37,0
DA:38,0
DA:48,0
DA:49,0
DA:50,0
DA:51,0
DA:53,0
DA:54,0
LF:18
LH:0
BRDA:14,0,0,0
BRDA:14,0,1,0
BRDA:15,1,0,0
BRDA:15,1,1,0
BRDA:31,2,0,0
BRDA:31,2,1,0
BRDA:32,3,0,0
BRDA:32,3,1,0
BRDA:51,4,0,0
BRDA:51,4,1,0
BRF:10
BRH:0
end_of_record
TN:
SF:src/utils/chart-to-image.ts
FN:9,chartToImage
FN:33,createHiddenChartContainer
FN:49,cleanupChartContainer
FNF:3
FNH:0
FNDA:0,chartToImage
FNDA:0,createHiddenChartContainer
FNDA:0,cleanupChartContainer
DA:13,0
DA:25,0
DA:34,0
DA:35,0
DA:36,0
DA:37,0
DA:38,0
DA:39,0
DA:40,0
DA:41,0
DA:42,0
DA:50,0
DA:51,0
LF:13
LH:0
BRDA:11,0,0,0
BRDA:50,1,0,0
BRDA:50,1,1,0
BRDA:50,2,0,0
BRDA:50,2,1,0
BRF:5
BRH:0
end_of_record
TN:
SF:src/utils/date.ts
FN:1,formatDistanceToNow
FN:21,formatDate
FN:29,formatDateTime
FNF:3
FNH:0
FNDA:0,formatDistanceToNow
FNDA:0,formatDate
FNDA:0,formatDateTime
DA:2,0
DA:3,0
DA:4,0
DA:5,0
DA:6,0
DA:7,0
DA:9,0
DA:10,0
DA:15,0
DA:16,0
DA:17,0
DA:18,0
DA:22,0
DA:30,0
LF:14
LH:0
BRDA:9,0,0,0
BRDA:9,0,1,0
BRDA:15,1,0,0
BRDA:15,1,1,0
BRDA:16,2,0,0
BRDA:16,2,1,0
BRDA:17,3,0,0
BRDA:17,3,1,0
BRF:8
BRH:0
end_of_record
TN:
SF:src/utils/error-message.ts
FN:24,(anonymous_0)
FN:40,(anonymous_1)
FN:56,(anonymous_2)
FN:72,(anonymous_3)
FN:87,(anonymous_4)
FN:102,(anonymous_5)
FN:118,(anonymous_6)
FN:134,(anonymous_7)
FN:150,(anonymous_8)
FN:166,(anonymous_9)
FN:183,toFriendlyError
FN:224,formatErrorMessage
FN:229,(anonymous_12)
FN:238,getErrorDetails
FN:244,(anonymous_14)
FN:256,copyErrorDetails
FNF:16
FNH:0
FNDA:0,(anonymous_0)
FNDA:0,(anonymous_1)
FNDA:0,(anonymous_2)
FNDA:0,(anonymous_3)
FNDA:0,(anonymous_4)
FNDA:0,(anonymous_5)
FNDA:0,(anonymous_6)
FNDA:0,(anonymous_7)
FNDA:0,(anonymous_8)
FNDA:0,(anonymous_9)
FNDA:0,toFriendlyError
FNDA:0,formatErrorMessage
FNDA:0,(anonymous_12)
FNDA:0,getErrorDetails
FNDA:0,(anonymous_14)
FNDA:0,copyErrorDetails
DA:20,0
DA:24,0
DA:40,0
DA:56,0
DA:72,0
DA:87,0
DA:102,0
DA:118,0
DA:134,0
DA:150,0
DA:166,0
DA:185,0
DA:197,0
DA:198,0
DA:202,0
DA:205,0
DA:206,0
DA:207,0
DA:208,0
DA:211,0
DA:212,0
DA:218,0
DA:225,0
DA:227,0
DA:228,0
DA:229,0
DA:232,0
DA:239,0
DA:244,0
DA:250,0
DA:257,0
DA:258,0
DA:259,0
DA:260,0
DA:262,0
DA:263,0
LF:36
LH:0
BRDA:197,0,0,0
BRDA:197,0,1,0
BRDA:197,1,0,0
BRDA:197,1,1,0
BRDA:197,1,2,0
BRDA:202,2,0,0
BRDA:202,2,1,0
BRDA:206,3,0,0
BRDA:206,3,1,0
BRDA:207,4,0,0
BRDA:207,4,1,0
BRDA:211,5,0,0
BRDA:211,5,1,0
BRDA:227,6,0,0
BRDA:227,6,1,0
BRDA:247,7,0,0
BRDA:247,7,1,0
BRF:17
BRH:0
end_of_record
TN:
SF:src/utils/export.utils.ts
FN:7,exportInsightsToExcel
FN:9,(anonymous_1)
FN:41,exportTopicsToExcel
FN:43,(anonymous_3)
FN:79,exportScriptsToExcel
FN:81,(anonymous_5)
FN:82,(anonymous_6)
FN:118,formatDate
FN:128,getPlatformLabel
FN:140,exportScriptToTXT
FN:142,(anonymous_10)
FN:155,exportScriptToJSON
FN:180,exportScriptToMarkdown
FN:184,(anonymous_13)
FN:197,(anonymous_14)
FN:221,sanitizeFilename
FN:228,downloadBlob
FNF:17
FNH:0
FNDA:0,exportInsightsToExcel
FNDA:0,(anonymous_1)
FNDA:0,exportTopicsToExcel
FNDA:0,(anonymous_3)
FNDA:0,exportScriptsToExcel
FNDA:0,(anonymous_5)
FNDA:0,(anonymous_6)
FNDA:0,formatDate
FNDA:0,getPlatformLabel
FNDA:0,exportScriptToTXT
FNDA:0,(anonymous_10)
FNDA:0,exportScriptToJSON
FNDA:0,exportScriptToMarkdown
FNDA:0,(anonymous_13)
FNDA:0,(anonymous_14)
FNDA:0,sanitizeFilename
FNDA:0,downloadBlob
DA:9,0
DA:17,0
DA:20,0
DA:28,0
DA:29,0
DA:32,0
DA:35,0
DA:43,0
DA:53,0
DA:56,0
DA:66,0
DA:67,0
DA:70,0
DA:73,0
DA:81,0
DA:82,0
DA:83,0
DA:93,0
DA:96,0
DA:105,0
DA:106,0
DA:109,0
DA:112,0
DA:119,0
DA:120,0
DA:121,0
DA:122,0
DA:129,0
DA:134,0
DA:142,0
DA:145,0
DA:148,0
DA:149,0
DA:157,0
DA:167,0
DA:170,0
DA:173,0
DA:174,0
DA:182,0
DA:183,0
DA:184,0
DA:185,0
DA:186,0
DA:189,0
DA:197,0
DA:198,0
DA:199,0
DA:200,0
DA:201,0
DA:202,0
DA:206,0
DA:207,0
DA:208,0
DA:211,0
DA:214,0
DA:215,0
DA:222,0
DA:229,0
DA:230,0
DA:231,0
DA:232,0
DA:233,0
DA:234,0
DA:235,0
DA:236,0
LF:65
LH:0
BRDA:32,0,0,0
BRDA:32,0,1,0
BRDA:47,1,0,0
BRDA:47,1,1,0
BRDA:48,2,0,0
BRDA:48,2,1,0
BRDA:70,3,0,0
BRDA:70,3,1,0
BRDA:84,4,0,0
BRDA:84,4,1,0
BRDA:109,5,0,0
BRDA:109,5,1,0
BRDA:134,6,0,0
BRDA:134,6,1,0
BRDA:198,7,0,0
BRDA:198,7,1,0
BRDA:201,8,0,0
BRDA:201,8,1,0
BRF:18
BRH:0
end_of_record
TN:
SF:src/utils/formatters.ts
FN:6,formatNumber
FN:15,formatDate
FN:25,truncateText
FNF:3
FNH:0
FNDA:0,formatNumber
FNDA:0,formatDate
FNDA:0,truncateText
DA:7,0
DA:16,0
DA:26,0
DA:27,0
LF:4
LH:0
BRDA:26,0,0,0
BRDA:26,0,1,0
BRF:2
BRH:0
end_of_record
TN:
SF:src/utils/pdf-export.ts
FN:9,exportReportToPDF
FNF:1
FNH:0
FNDA:0,exportReportToPDF
DA:11,0
DA:12,0
DA:13,0
DA:14,0
DA:15,0
DA:16,0
DA:17,0
DA:18,0
DA:19,0
DA:20,0
DA:22,0
DA:24,0
DA:34,0
DA:42,0
DA:43,0
DA:46,0
DA:47,0
DA:48,0
DA:51,0
DA:54,0
DA:55,0
DA:58,0
DA:59,0
DA:60,0
DA:61,0
DA:62,0
DA:66,0
DA:69,0
LF:28
LH:0
BRF:0
BRH:0
end_of_record
TN:
SF:src/utils/pdf-generator.ts
FN:88,(anonymous_0)
FN:140,(anonymous_1)
FN:163,(anonymous_2)
FN:223,(anonymous_3)
FN:242,(anonymous_4)
FN:255,(anonymous_5)
FN:324,(anonymous_6)
FN:346,(anonymous_7)
FN:356,(anonymous_8)
FN:385,(anonymous_9)
FN:397,(anonymous_10)
FN:406,(anonymous_11)
FN:424,(anonymous_12)
FN:432,(anonymous_13)
FN:448,(anonymous_14)
FN:454,(anonymous_15)
FN:473,(anonymous_16)
FN:489,(anonymous_17)
FN:505,(anonymous_18)
FN:513,generateComparisonPDF
FNF:20
FNH:0
FNDA:0,(anonymous_0)
FNDA:0,(anonymous_1)
FNDA:0,(anonymous_2)
FNDA:0,(anonymous_3)
FNDA:0,(anonymous_4)
FNDA:0,(anonymous_5)
FNDA:0,(anonymous_6)
FNDA:0,(anonymous_7)
FNDA:0,(anonymous_8)
FNDA:0,(anonymous_9)
FNDA:0,(anonymous_10)
FNDA:0,(anonymous_11)
FNDA:0,(anonymous_12)
FNDA:0,(anonymous_13)
FNDA:0,(anonymous_14)
FNDA:0,(anonymous_15)
FNDA:0,(anonymous_16)
FNDA:0,(anonymous_17)
FNDA:0,(anonymous_18)
FNDA:0,generateComparisonPDF
DA:90,0
DA:121,0
DA:128,0
DA:129,0
DA:130,0
DA:131,0
DA:134,0
DA:142,0
DA:145,0
DA:146,0
DA:149,0
DA:150,0
DA:153,0
DA:154,0
DA:157,0
DA:165,0
DA:166,0
DA:167,0
DA:168,0
DA:171,0
DA:172,0
DA:173,0
DA:176,0
DA:177,0
DA:179,0
DA:180,0
DA:182,0
DA:183,0
DA:184,0
DA:187,0
DA:194,0
DA:195,0
DA:198,0
DA:199,0
DA:201,0
DA:202,0
DA:204,0
DA:205,0
DA:207,0
DA:208,0
DA:210,0
DA:211,0
DA:213,0
DA:214,0
DA:217,0
DA:224,0
DA:227,0
DA:228,0
DA:229,0
DA:230,0
DA:233,0
DA:239,0
DA:240,0
DA:242,0
DA:243,0
DA:244,0
DA:245,0
DA:249,0
DA:256,0
DA:259,0
DA:260,0
DA:261,0
DA:262,0
DA:265,0
DA:266,0
DA:267,0
DA:268,0
DA:270,0
DA:271,0
DA:272,0
DA:273,0
DA:274,0
DA:275,0
DA:276,0
DA:278,0
DA:281,0
DA:282,0
DA:283,0
DA:284,0
DA:286,0
DA:287,0
DA:288,0
DA:289,0
DA:290,0
DA:291,0
DA:292,0
DA:294,0
DA:297,0
DA:298,0
DA:299,0
DA:300,0
DA:303,0
DA:304,0
DA:305,0
DA:308,0
DA:309,0
DA:310,0
DA:311,0
DA:312,0
DA:313,0
DA:314,0
DA:317,0
DA:324,0
DA:325,0
DA:326,0
DA:327,0
DA:328,0
DA:332,0
DA:333,0
DA:334,0
DA:335,0
DA:336,0
DA:337,0
DA:340,0
DA:347,0
DA:350,0
DA:351,0
DA:352,0
DA:353,0
DA:356,0
DA:358,0
DA:361,0
DA:362,0
DA:366,0
DA:367,0
DA:368,0
DA:370,0
DA:371,0
DA:372,0
DA:375,0
DA:376,0
DA:378,0
DA:380,0
DA:381,0
DA:383,0
DA:384,0
DA:385,0
DA:386,0
DA:387,0
DA:390,0
DA:392,0
DA:393,0
DA:395,0
DA:396,0
DA:397,0
DA:398,0
DA:399,0
DA:404,0
DA:405,0
DA:406,0
DA:407,0
DA:408,0
DA:413,0
DA:417,0
DA:418,0
DA:425,0
DA:426,0
DA:433,0
DA:435,0
DA:436,0
DA:439,0
DA:442,0
DA:450,0
DA:451,0
DA:452,0
DA:454,0
DA:455,0
DA:456,0
DA:457,0
DA:459,0
DA:463,0
DA:464,0
DA:467,0
DA:474,0
DA:476,0
DA:478,0
DA:480,0
DA:482,0
DA:490,0
DA:492,0
DA:494,0
DA:496,0
DA:498,0
DA:506,0
DA:514,0
DA:517,0
DA:520,0
DA:521,0
DA:522,0
DA:523,0
DA:524,0
DA:525,0
DA:526,0
DA:527,0
LF:194
LH:0
BRDA:274,0,0,0
BRDA:274,0,1,0
BRDA:290,1,0,0
BRDA:290,1,1,0
BRDA:358,2,0,0
BRDA:358,2,1,0
BRDA:361,3,0,0
BRDA:361,3,1,0
BRDA:378,4,0,0
BRDA:378,4,1,0
BRDA:383,5,0,0
BRDA:383,5,1,0
BRDA:395,6,0,0
BRDA:395,6,1,0
BRDA:404,7,0,0
BRDA:404,7,1,0
BRDA:455,8,0,0
BRDA:455,8,1,0
BRDA:455,9,0,0
BRDA:455,9,1,0
BRDA:463,10,0,0
BRDA:463,10,1,0
BRDA:467,11,0,0
BRDA:467,11,1,0
BRDA:474,12,0,0
BRDA:474,12,1,0
BRDA:474,12,2,0
BRDA:474,12,3,0
BRDA:490,13,0,0
BRDA:490,13,1,0
BRDA:490,13,2,0
BRDA:490,13,3,0
BRDA:523,14,0,0
BRDA:523,14,1,0
BRF:34
BRH:0
end_of_record
TN:
SF:src/utils/storage.ts
FN:11,(anonymous_0)
FN:27,(anonymous_1)
FN:38,(anonymous_2)
FN:49,(anonymous_3)
FN:52,(anonymous_4)
FN:79,(anonymous_5)
FN:86,(anonymous_6)
FN:93,(anonymous_7)
FN:100,(anonymous_8)
FN:102,(anonymous_9)
FNF:10
FNH:0
FNDA:0,(anonymous_0)
FNDA:0,(anonymous_1)
FNDA:0,(anonymous_2)
FNDA:0,(anonymous_3)
FNDA:0,(anonymous_4)
FNDA:0,(anonymous_5)
FNDA:0,(anonymous_6)
FNDA:0,(anonymous_7)
FNDA:0,(anonymous_8)
FNDA:0,(anonymous_9)
DA:5,0
DA:7,0
DA:12,0
DA:13,0
DA:14,0
DA:15,0
DA:17,0
DA:19,0
DA:20,0
DA:28,0
DA:29,0
DA:31,0
DA:39,0
DA:40,0
DA:42,0
DA:50,0
DA:51,0
DA:52,0
DA:53,0
DA:54,0
DA:58,0
DA:75,0
DA:80,0
DA:87,0
DA:94,0
DA:101,0
DA:102,0
LF:27
LH:0
BRDA:14,0,0,0
BRDA:14,0,1,0
BRDA:53,1,0,0
BRDA:53,1,1,0
BRF:4
BRH:0
end_of_record
